#
# A fatal error has been detected by the Java Runtime Environment:
#
#  EXCEPTION_ACCESS_VIOLATION (0xc0000005) at pc=0x00007ff83a849437, pid=3124, tid=7644
#
# JRE version: OpenJDK Runtime Environment (16.0.1+9) (build 16.0.1+9-24)
# Java VM: OpenJDK 64-Bit Server VM (16.0.1+9-24, mixed mode, sharing, tiered, compressed oops, compressed class ptrs, g1 gc, windows-amd64)
# Problematic frame:
# C  [SDL.dll+0x89437]
#
# No core dump will be written. Minidumps are not enabled by default on client versions of Windows
#
# If you would like to submit a bug report, please visit:
#   https://bugreport.java.com/bugreport/crash.jsp
# The crash happened outside the Java Virtual Machine in native code.
# See problematic frame for where to report the bug.
#

---------------  S U M M A R Y ------------

Command Line: -javaagent:C:\Program Files\JetBrains\IntelliJ IDEA Community Edition 2021.1.1\lib\idea_rt.jar=61697:C:\Program Files\JetBrains\IntelliJ IDEA Community Edition 2021.1.1\bin -Dfile.encoding=UTF-8 com.peacefulotter.ffserver.FFServer

Host: Intel(R) Core(TM) i7-7700HQ CPU @ 2.80GHz, 8 cores, 7G,  Windows 10 , 64 bit Build 19041 (10.0.19041.1348)
Time: Tue Jan 11 10:31:37 2022 Paris, Madrid elapsed time: 64.202255 seconds (0d 0h 1m 4s)

---------------  T H R E A D  ---------------

Current thread (0x000002714881cec0):  JavaThread "http-nio-8080-exec-2" daemon [_thread_in_native, id=7644, stack(0x000000fb03700000,0x000000fb03800000)]

Stack: [0x000000fb03700000,0x000000fb03800000],  sp=0x000000fb037fd0c0,  free space=1012k
Native frames: (J=compiled Java code, j=interpreted, Vv=VM code, C=native code)
C  [SDL.dll+0x89437]

Java frames: (J=compiled Java code, j=interpreted, Vv=VM code)
j  at.wisch.joystick.FFJoystick.newEffectNative(ILat/wisch/joystick/ffeffect/Effect;I)I+0
j  at.wisch.joystick.FFJoystick.newEffect(Lat/wisch/joystick/ffeffect/Effect;)Z+30
j  at.wisch.joystick.FFJoystick.playEffect(Lat/wisch/joystick/ffeffect/Effect;I)Z+12
j  com.peacefulotter.ffserver.control.FFControl.launchFF(Lcom/peacefulotter/ffserver/FFParams;)Z+13
j  com.peacefulotter.ffserver.FFServer.postParams(Lcom/peacefulotter/ffserver/FFParams;)Lcom/peacefulotter/ffserver/FFParams;+16
j  jdk.internal.reflect.GeneratedMethodAccessor26.invoke(Ljava/lang/Object;[Ljava/lang/Object;)Ljava/lang/Object;+40
J 2184 c1 jdk.internal.reflect.DelegatingMethodAccessorImpl.invoke(Ljava/lang/Object;[Ljava/lang/Object;)Ljava/lang/Object; java.base@16.0.1 (10 bytes) @ 0x000002712fc7014c [0x000002712fc70040+0x000000000000010c]
J 2222 c1 java.lang.reflect.Method.invoke(Ljava/lang/Object;[Ljava/lang/Object;)Ljava/lang/Object; java.base@16.0.1 (65 bytes) @ 0x000002712fc89c44 [0x000002712fc89900+0x0000000000000344]
j  org.springframework.web.method.support.InvocableHandlerMethod.doInvoke([Ljava/lang/Object;)Ljava/lang/Object;+28
j  org.springframework.web.method.support.InvocableHandlerMethod.invokeForRequest(Lorg/springframework/web/context/request/NativeWebRequest;Lorg/springframework/web/method/support/ModelAndViewContainer;[Ljava/lang/Object;)Ljava/lang/Object;+54
j  org.springframework.web.servlet.mvc.method.annotation.ServletInvocableHandlerMethod.invokeAndHandle(Lorg/springframework/web/context/request/ServletWebRequest;Lorg/springframework/web/method/support/ModelAndViewContainer;[Ljava/lang/Object;)V+4
j  org.springframework.web.servlet.mvc.method.annotation.RequestMappingHandlerAdapter.invokeHandlerMethod(Ljavax/servlet/http/HttpServletRequest;Ljavax/servlet/http/HttpServletResponse;Lorg/springframework/web/method/HandlerMethod;)Lorg/springframework/web/servlet/ModelAndView;+244
j  org.springframework.web.servlet.mvc.method.annotation.RequestMappingHandlerAdapter.handleInternal(Ljavax/servlet/http/HttpServletRequest;Ljavax/servlet/http/HttpServletResponse;Lorg/springframework/web/method/HandlerMethod;)Lorg/springframework/web/servlet/ModelAndView;+81
j  org.springframework.web.servlet.mvc.method.AbstractHandlerMethodAdapter.handle(Ljavax/servlet/http/HttpServletRequest;Ljavax/servlet/http/HttpServletResponse;Ljava/lang/Object;)Lorg/springframework/web/servlet/ModelAndView;+7
j  org.springframework.web.servlet.DispatcherServlet.doDispatch(Ljavax/servlet/http/HttpServletRequest;Ljavax/servlet/http/HttpServletResponse;)V+259
j  org.springframework.web.servlet.DispatcherServlet.doService(Ljavax/servlet/http/HttpServletRequest;Ljavax/servlet/http/HttpServletResponse;)V+241
j  org.springframework.web.servlet.FrameworkServlet.processRequest(Ljavax/servlet/http/HttpServletRequest;Ljavax/servlet/http/HttpServletResponse;)V+71
j  org.springframework.web.servlet.FrameworkServlet.doPost(Ljavax/servlet/http/HttpServletRequest;Ljavax/servlet/http/HttpServletResponse;)V+3
j  javax.servlet.http.HttpServlet.service(Ljavax/servlet/http/HttpServletRequest;Ljavax/servlet/http/HttpServletResponse;)V+149
j  org.springframework.web.servlet.FrameworkServlet.service(Ljavax/servlet/http/HttpServletRequest;Ljavax/servlet/http/HttpServletResponse;)V+33
j  javax.servlet.http.HttpServlet.service(Ljavax/servlet/ServletRequest;Ljavax/servlet/ServletResponse;)V+36
j  org.apache.catalina.core.ApplicationFilterChain.internalDoFilter(Ljavax/servlet/ServletRequest;Ljavax/servlet/ServletResponse;)V+304
j  org.apache.catalina.core.ApplicationFilterChain.doFilter(Ljavax/servlet/ServletRequest;Ljavax/servlet/ServletResponse;)V+99
j  org.apache.tomcat.websocket.server.WsFilter.doFilter(Ljavax/servlet/ServletRequest;Ljavax/servlet/ServletResponse;Ljavax/servlet/FilterChain;)V+21
j  org.apache.catalina.core.ApplicationFilterChain.internalDoFilter(Ljavax/servlet/ServletRequest;Ljavax/servlet/ServletResponse;)V+135
j  org.apache.catalina.core.ApplicationFilterChain.doFilter(Ljavax/servlet/ServletRequest;Ljavax/servlet/ServletResponse;)V+99
j  org.springframework.web.filter.RequestContextFilter.doFilterInternal(Ljavax/servlet/http/HttpServletRequest;Ljavax/servlet/http/HttpServletResponse;Ljavax/servlet/FilterChain;)V+21
j  org.springframework.web.filter.OncePerRequestFilter.doFilter(Ljavax/servlet/ServletRequest;Ljavax/servlet/ServletResponse;Ljavax/servlet/FilterChain;)V+147
j  org.apache.catalina.core.ApplicationFilterChain.internalDoFilter(Ljavax/servlet/ServletRequest;Ljavax/servlet/ServletResponse;)V+135
j  org.apache.catalina.core.ApplicationFilterChain.doFilter(Ljavax/servlet/ServletRequest;Ljavax/servlet/ServletResponse;)V+99
j  org.springframework.web.filter.FormContentFilter.doFilterInternal(Ljavax/servlet/http/HttpServletRequest;Ljavax/servlet/http/HttpServletResponse;Ljavax/servlet/FilterChain;)V+38
j  org.springframework.web.filter.OncePerRequestFilter.doFilter(Ljavax/servlet/ServletRequest;Ljavax/servlet/ServletResponse;Ljavax/servlet/FilterChain;)V+147
j  org.apache.catalina.core.ApplicationFilterChain.internalDoFilter(Ljavax/servlet/ServletRequest;Ljavax/servlet/ServletResponse;)V+135
j  org.apache.catalina.core.ApplicationFilterChain.doFilter(Ljavax/servlet/ServletRequest;Ljavax/servlet/ServletResponse;)V+99
j  org.springframework.web.filter.CharacterEncodingFilter.doFilterInternal(Ljavax/servlet/http/HttpServletRequest;Ljavax/servlet/http/HttpServletResponse;Ljavax/servlet/FilterChain;)V+53
j  org.springframework.web.filter.OncePerRequestFilter.doFilter(Ljavax/servlet/ServletRequest;Ljavax/servlet/ServletResponse;Ljavax/servlet/FilterChain;)V+147
j  org.apache.catalina.core.ApplicationFilterChain.internalDoFilter(Ljavax/servlet/ServletRequest;Ljavax/servlet/ServletResponse;)V+135
j  org.apache.catalina.core.ApplicationFilterChain.doFilter(Ljavax/servlet/ServletRequest;Ljavax/servlet/ServletResponse;)V+99
j  org.apache.catalina.core.StandardWrapperValve.invoke(Lorg/apache/catalina/connector/Request;Lorg/apache/catalina/connector/Response;)V+694
j  org.apache.catalina.core.StandardContextValve.invoke(Lorg/apache/catalina/connector/Request;Lorg/apache/catalina/connector/Response;)V+169
j  org.apache.catalina.authenticator.AuthenticatorBase.invoke(Lorg/apache/catalina/connector/Request;Lorg/apache/catalina/connector/Response;)V+260
j  org.apache.catalina.core.StandardHostValve.invoke(Lorg/apache/catalina/connector/Request;Lorg/apache/catalina/connector/Response;)V+128
j  org.apache.catalina.valves.ErrorReportValve.invoke(Lorg/apache/catalina/connector/Request;Lorg/apache/catalina/connector/Response;)V+6
j  org.apache.catalina.core.StandardEngineValve.invoke(Lorg/apache/catalina/connector/Request;Lorg/apache/catalina/connector/Response;)V+59
j  org.apache.catalina.connector.CoyoteAdapter.service(Lorg/apache/coyote/Request;Lorg/apache/coyote/Response;)V+199
j  org.apache.coyote.http11.Http11Processor.service(Lorg/apache/tomcat/util/net/SocketWrapperBase;)Lorg/apache/tomcat/util/net/AbstractEndpoint$Handler$SocketState;+737
j  org.apache.coyote.AbstractProcessorLight.process(Lorg/apache/tomcat/util/net/SocketWrapperBase;Lorg/apache/tomcat/util/net/SocketEvent;)Lorg/apache/tomcat/util/net/AbstractEndpoint$Handler$SocketState;+170
j  org.apache.coyote.AbstractProtocol$ConnectionHandler.process(Lorg/apache/tomcat/util/net/SocketWrapperBase;Lorg/apache/tomcat/util/net/SocketEvent;)Lorg/apache/tomcat/util/net/AbstractEndpoint$Handler$SocketState;+505
j  org.apache.tomcat.util.net.NioEndpoint$SocketProcessor.doRun()V+216
j  org.apache.tomcat.util.net.SocketProcessorBase.run()V+21
j  org.apache.tomcat.util.threads.ThreadPoolExecutor.runWorker(Lorg/apache/tomcat/util/threads/ThreadPoolExecutor$Worker;)V+92
j  org.apache.tomcat.util.threads.ThreadPoolExecutor$Worker.run()V+5
j  org.apache.tomcat.util.threads.TaskThread$WrappingRunnable.run()V+4
j  java.lang.Thread.run()V+11 java.base@16.0.1
v  ~StubRoutines::call_stub

siginfo: EXCEPTION_ACCESS_VIOLATION (0xc0000005), reading address 0x0000000000000030


Register to memory mapping:

RIP=0x00007ff83a849437 SDL.dll
RAX=0x0000000000000006 is an unknown value
RBX=0x0 is NULL
RCX=0x0 is NULL
RDX=0x0000000000000001 is an unknown value
RSP=0x000000fb037fd0c0 is pointing into the stack for thread: 0x000002714881cec0
RBP=0x0000027145dc0ec0 points into unknown readable memory: 0x0000000000000000 | 00 00 00 00 00 00 00 00
RSI=0x00007ff83a85d3c8 SDL.dll
RDI=0x0000027145e92ce0 points into unknown readable memory: 0x0000020145e90001 | 01 00 e9 45 01 02 00 00
R8 =0x00007ff83a85cc80 SDL.dll
R9 =0x000000fb037fd0c0 is pointing into the stack for thread: 0x000002714881cec0
R10=0x0000000000000001 is an unknown value
R11=0x0000000000000017 is an unknown value
R12=0x0 is NULL
R13=0x000002714640dbe0 is pointing into metadata
R14=0x000000fb037fd240 is pointing into the stack for thread: 0x000002714881cec0
R15=0x000002714881cec0 is a thread


Registers:
RAX=0x0000000000000006, RBX=0x0000000000000000, RCX=0x0000000000000000, RDX=0x0000000000000001
RSP=0x000000fb037fd0c0, RBP=0x0000027145dc0ec0, RSI=0x00007ff83a85d3c8, RDI=0x0000027145e92ce0
R8 =0x00007ff83a85cc80, R9 =0x000000fb037fd0c0, R10=0x0000000000000001, R11=0x0000000000000017
R12=0x0000000000000000, R13=0x000002714640dbe0, R14=0x000000fb037fd240, R15=0x000002714881cec0
RIP=0x00007ff83a849437, EFLAGS=0x0000000000010206

Top of Stack: (sp=0x000000fb037fd0c0)
0x000000fb037fd0c0:   00007ff83a8751b0 0000000000000001
0x000000fb037fd0d0:   0000027145e92ce0 00007ff83a85d3c8
0x000000fb037fd0e0:   0000027145e92ce0 00007ff83a84969b
0x000000fb037fd0f0:   0000027145dc22c0 0000027145dc0ec0
0x000000fb037fd100:   00007ff83a85d3c8 0000000000000008
0x000000fb037fd110:   0000000000000000 0000027148310d50
0x000000fb037fd120:   0000027145dc0ec0 00007ff83a836bf5
0x000000fb037fd130:   000000000000003e 0000000000001360
0x000000fb037fd140:   0000027145e92ce0 000002714881d1d0
0x000000fb037fd150:   0000027145e92ce0 00007ff83a953209
0x000000fb037fd160:   0000000000000000 000000fb037fd210
0x000000fb037fd170:   000002714881d1d0 000000fb00000000
0x000000fb037fd180:   00000271461cf328 000002712f2cdd22
0x000000fb037fd190:   000002714640dbe8 0000000800039b48
0x000000fb037fd1a0:   0000000080a34930 000002714640f810
0x000000fb037fd1b0:   00000000000013ec 000000fb037fd1d0 

Instructions: (pc=0x00007ff83a849437)
0x00007ff83a849337:   00 01 80 69 c9 10 27 00 00 f7 e9 03 d1 c1 fa 0e
0x00007ff83a849347:   8b c2 c1 e8 1f 03 d0 41 89 51 0c 41 ff c3 49 83
0x00007ff83a849357:   c0 02 49 83 c1 18 44 3b 5e 1c 0f 8c d9 fe ff ff
0x00007ff83a849367:   8b 46 1c 4c 89 66 40 8d 0c 40 c1 e1 03 89 4e 38
0x00007ff83a849377:   8b 47 14 69 c0 e8 03 00 00 89 46 08 0f b7 4f 1a
0x00007ff83a849387:   e8 54 f6 ff ff 44 8b 46 1c 48 8d 57 04 89 46 14
0x00007ff83a849397:   0f b7 47 1c 48 8b ce 89 46 18 0f b7 47 18 69 c0
0x00007ff83a8493a7:   e8 03 00 00 89 46 48 e8 3d f6 ff ff 85 c0 0f 88
0x00007ff83a8493b7:   52 fe ff ff 48 8b 4e 30 e8 5c 20 ff ff 4c 89 76
0x00007ff83a8493c7:   30 33 c0 4c 8b 6c 24 40 48 8b 5c 24 48 48 8b 6c
0x00007ff83a8493d7:   24 50 48 8b 74 24 58 48 83 c4 20 41 5e 41 5c 5f
0x00007ff83a8493e7:   c3 f1 8b 08 00 27 8d 08 00 36 90 08 00 00 01 02
0x00007ff83a8493f7:   01 02 02 02 01 02 02 02 02 02 02 02 01 02 02 02
0x00007ff83a849407:   02 02 02 02 02 02 02 02 02 02 02 02 01 cc cc cc
0x00007ff83a849417:   cc cc cc cc cc cc cc cc cc 48 89 5c 24 08 48 89
0x00007ff83a849427:   6c 24 10 48 89 74 24 18 57 48 83 ec 20 48 8b d9
0x00007ff83a849437:   48 8b 49 30 33 ed 8b f2 48 85 c9 74 09 e8 d7 1f
0x00007ff83a849447:   ff ff 48 89 6b 30 48 8b 4b 20 48 85 c9 74 09 e8
0x00007ff83a849457:   c5 1f ff ff 48 89 6b 20 48 8b 7b 40 48 85 ff 74
0x00007ff83a849467:   22 81 fe 00 08 00 00 75 0d 48 8b 4f 10 e8 a7 1f
0x00007ff83a849477:   ff ff 48 89 6f 10 48 8b 4b 40 e8 9a 1f ff ff 48
0x00007ff83a849487:   89 6b 40 48 8b 4b 28 48 85 c9 74 09 e8 88 1f ff
0x00007ff83a849497:   ff 48 89 6b 28 48 8b 5c 24 30 48 8b 6c 24 38 48
0x00007ff83a8494a7:   8b 74 24 40 48 83 c4 20 5f c3 cc cc cc cc cc cc
0x00007ff83a8494b7:   cc cc cc cc cc cc cc cc cc 48 83 ec 28 0f b7 01
0x00007ff83a8494c7:   83 f8 40 7f 7e 74 70 ff c8 83 f8 1f 0f 87 94 00
0x00007ff83a8494d7:   00 00 48 8d 15 20 6b f7 ff 48 98 0f b6 84 02 d8
0x00007ff83a8494e7:   95 08 00 8b 8c 82 bc 95 08 00 48 03 ca ff e1 48
0x00007ff83a8494f7:   8d 05 cb 3e 01 00 48 83 c4 28 c3 48 8d 05 df 3e
0x00007ff83a849507:   01 00 48 83 c4 28 c3 48 8d 05 e3 3e 01 00 48 83
0x00007ff83a849517:   c4 28 c3 48 8d 05 e7 3e 01 00 48 83 c4 28 c3 48
0x00007ff83a849527:   8d 05 eb 3e 01 00 48 83 c4 28 c3 48 8d 05 ef 3e 


Stack slot to memory mapping:
stack at sp + 0 slots: 0x00007ff83a8751b0 SDL.dll
stack at sp + 1 slots: 0x0000000000000001 is an unknown value
stack at sp + 2 slots: 0x0000027145e92ce0 points into unknown readable memory: 0x0000020145e90001 | 01 00 e9 45 01 02 00 00
stack at sp + 3 slots: 0x00007ff83a85d3c8 SDL.dll
stack at sp + 4 slots: 0x0000027145e92ce0 points into unknown readable memory: 0x0000020145e90001 | 01 00 e9 45 01 02 00 00
stack at sp + 5 slots: 0x00007ff83a84969b SDL.dll
stack at sp + 6 slots: 0x0000027145dc22c0 points into unknown readable memory: 0x0000000000000000 | 00 00 00 00 00 00 00 00
stack at sp + 7 slots: 0x0000027145dc0ec0 points into unknown readable memory: 0x0000000000000000 | 00 00 00 00 00 00 00 00


---------------  P R O C E S S  ---------------

Threads class SMR info:
_java_thread_list=0x000002714881aa70, length=28, elements={
0x0000027145b92b40, 0x0000027145b938d0, 0x0000027145ba1ff0, 0x0000027145ba2900,
0x0000027145ba3300, 0x0000027145ba3d00, 0x0000027145ba5310, 0x0000027145bb23f0,
0x0000027145c1d8b0, 0x0000027146887c00, 0x0000027146adcf80, 0x0000027146a2ca70,
0x000002714a111230, 0x0000027149c1c640, 0x000002714a5579f0, 0x000002714881d410,
0x000002714881e400, 0x000002714881d960, 0x000002714881deb0, 0x000002714881cec0,
0x0000027149fa78b0, 0x0000027149fa7360, 0x0000027149fa68c0, 0x0000027149fa6e10,
0x0000027149fa88a0, 0x0000027149fa9340, 0x0000027149fa7e00, 0x0000027149fa8350
}

Java Threads: ( => current thread )
  0x0000027145b92b40 JavaThread "Reference Handler" daemon [_thread_blocked, id=13772, stack(0x000000fb01600000,0x000000fb01700000)]
  0x0000027145b938d0 JavaThread "Finalizer" daemon [_thread_blocked, id=2176, stack(0x000000fb01700000,0x000000fb01800000)]
  0x0000027145ba1ff0 JavaThread "Signal Dispatcher" daemon [_thread_blocked, id=16148, stack(0x000000fb01800000,0x000000fb01900000)]
  0x0000027145ba2900 JavaThread "Attach Listener" daemon [_thread_blocked, id=13532, stack(0x000000fb01900000,0x000000fb01a00000)]
  0x0000027145ba3300 JavaThread "Service Thread" daemon [_thread_blocked, id=1580, stack(0x000000fb01a00000,0x000000fb01b00000)]
  0x0000027145ba3d00 JavaThread "Monitor Deflation Thread" daemon [_thread_blocked, id=10268, stack(0x000000fb01b00000,0x000000fb01c00000)]
  0x0000027145ba5310 JavaThread "C2 CompilerThread0" daemon [_thread_blocked, id=2852, stack(0x000000fb01c00000,0x000000fb01d00000)]
  0x0000027145bb23f0 JavaThread "C1 CompilerThread0" daemon [_thread_blocked, id=15848, stack(0x000000fb01d00000,0x000000fb01e00000)]
  0x0000027145c1d8b0 JavaThread "Sweeper thread" daemon [_thread_blocked, id=5908, stack(0x000000fb01e00000,0x000000fb01f00000)]
  0x0000027146887c00 JavaThread "Common-Cleaner" daemon [_thread_blocked, id=4064, stack(0x000000fb01f00000,0x000000fb02000000)]
  0x0000027146adcf80 JavaThread "Monitor Ctrl-Break" daemon [_thread_in_native, id=3604, stack(0x000000fb02100000,0x000000fb02200000)]
  0x0000027146a2ca70 JavaThread "Notification Thread" daemon [_thread_blocked, id=15936, stack(0x000000fb02200000,0x000000fb02300000)]
  0x000002714a111230 JavaThread "Catalina-utility-1" [_thread_blocked, id=15376, stack(0x000000fb03200000,0x000000fb03300000)]
  0x0000027149c1c640 JavaThread "Catalina-utility-2" [_thread_blocked, id=14616, stack(0x000000fb03300000,0x000000fb03400000)]
  0x000002714a5579f0 JavaThread "container-0" [_thread_blocked, id=16100, stack(0x000000fb03400000,0x000000fb03500000)]
  0x000002714881d410 JavaThread "http-nio-8080-Poller" daemon [_thread_in_native, id=8836, stack(0x000000fb03500000,0x000000fb03600000)]
  0x000002714881e400 JavaThread "http-nio-8080-Acceptor" daemon [_thread_in_native, id=12480, stack(0x000000fb03600000,0x000000fb03700000)]
  0x000002714881d960 JavaThread "DestroyJavaVM" [_thread_blocked, id=960, stack(0x000000fb00f00000,0x000000fb01000000)]
  0x000002714881deb0 JavaThread "http-nio-8080-exec-1" daemon [_thread_blocked, id=15548, stack(0x000000fb02000000,0x000000fb02100000)]
=>0x000002714881cec0 JavaThread "http-nio-8080-exec-2" daemon [_thread_in_native, id=7644, stack(0x000000fb03700000,0x000000fb03800000)]
  0x0000027149fa78b0 JavaThread "http-nio-8080-exec-3" daemon [_thread_blocked, id=10524, stack(0x000000fb03800000,0x000000fb03900000)]
  0x0000027149fa7360 JavaThread "http-nio-8080-exec-4" daemon [_thread_blocked, id=10080, stack(0x000000fb03900000,0x000000fb03a00000)]
  0x0000027149fa68c0 JavaThread "http-nio-8080-exec-5" daemon [_thread_in_native, id=15588, stack(0x000000fb03a00000,0x000000fb03b00000)]
  0x0000027149fa6e10 JavaThread "http-nio-8080-exec-6" daemon [_thread_in_native, id=15996, stack(0x000000fb03b00000,0x000000fb03c00000)]
  0x0000027149fa88a0 JavaThread "http-nio-8080-exec-7" daemon [_thread_in_native, id=3004, stack(0x000000fb03c00000,0x000000fb03d00000)]
  0x0000027149fa9340 JavaThread "http-nio-8080-exec-8" daemon [_thread_in_native, id=2516, stack(0x000000fb03d00000,0x000000fb03e00000)]
  0x0000027149fa7e00 JavaThread "http-nio-8080-exec-9" daemon [_thread_blocked, id=8152, stack(0x000000fb03e00000,0x000000fb03f00000)]
  0x0000027149fa8350 JavaThread "http-nio-8080-exec-10" daemon [_thread_in_native, id=4032, stack(0x000000fb03f00000,0x000000fb04000000)]

Other Threads:
  0x0000027145b8ef20 VMThread "VM Thread" [stack: 0x000000fb01500000,0x000000fb01600000] [id=9228]
  0x00000271469e1010 WatcherThread [stack: 0x000000fb02300000,0x000000fb02400000] [id=276]
  0x0000027127b9c6e0 GCTaskThread "GC Thread#0" [stack: 0x000000fb01000000,0x000000fb01100000] [id=15632]
  0x0000027147e1a4e0 GCTaskThread "GC Thread#1" [stack: 0x000000fb02800000,0x000000fb02900000] [id=32]
  0x0000027147db5070 GCTaskThread "GC Thread#2" [stack: 0x000000fb02900000,0x000000fb02a00000] [id=5028]
  0x0000027147e38180 GCTaskThread "GC Thread#3" [stack: 0x000000fb02a00000,0x000000fb02b00000] [id=11736]
  0x0000027147e38490 GCTaskThread "GC Thread#4" [stack: 0x000000fb02b00000,0x000000fb02c00000] [id=15568]
  0x0000027147e387a0 GCTaskThread "GC Thread#5" [stack: 0x000000fb02c00000,0x000000fb02d00000] [id=14112]
  0x0000027147e38ab0 GCTaskThread "GC Thread#6" [stack: 0x000000fb02d00000,0x000000fb02e00000] [id=7492]
  0x0000027147e39240 GCTaskThread "GC Thread#7" [stack: 0x000000fb02e00000,0x000000fb02f00000] [id=16136]
  0x0000027127bae6c0 ConcurrentGCThread "G1 Main Marker" [stack: 0x000000fb01100000,0x000000fb01200000] [id=12704]
  0x0000027127baf8d0 ConcurrentGCThread "G1 Conc#0" [stack: 0x000000fb01200000,0x000000fb01300000] [id=1860]
  0x0000027148a72320 ConcurrentGCThread "G1 Conc#1" [stack: 0x000000fb03100000,0x000000fb03200000] [id=14344]
  0x0000027145a40090 ConcurrentGCThread "G1 Refine#0" [stack: 0x000000fb01300000,0x000000fb01400000] [id=15816]
  0x0000027147dd8150 ConcurrentGCThread "G1 Refine#1" [stack: 0x000000fb02f00000,0x000000fb03000000] [id=12248]
  0x0000027145a40a10 ConcurrentGCThread "G1 Service" [stack: 0x000000fb01400000,0x000000fb01500000] [id=10252]

Threads with active compile tasks:

VM state: not at safepoint (normal execution)

VM Mutex/Monitor currently owned by a thread: None

Heap address: 0x0000000080a00000, size: 2038 MB, Compressed Oops mode: 32-bit

CDS archive(s) mapped at: [0x0000000800000000-0x0000000800bb0000-0x0000000800bb0000), size 12255232, SharedBaseAddress: 0x0000000800000000, ArchiveRelocationMode: 0.
Compressed class space mapped at: 0x0000000800c00000-0x0000000840c00000, reserved size: 1073741824
Narrow klass base: 0x0000000800000000, Narrow klass shift: 3, Narrow klass range: 0x100000000

GC Precious Log:
 CPUs: 8 total, 8 available
 Memory: 8149M
 Large Page Support: Disabled
 NUMA Support: Disabled
 Compressed Oops: Enabled (32-bit)
 Heap Region Size: 1M
 Heap Min Capacity: 8M
 Heap Initial Capacity: 128M
 Heap Max Capacity: 2038M
 Pre-touch: Disabled
 Parallel Workers: 8
 Concurrent Workers: 2
 Concurrent Refinement Workers: 8
 Periodic GC: Disabled

Heap:
 garbage-first heap   total 37888K, used 23012K [0x0000000080a00000, 0x0000000100000000)
  region size 1024K, 14 young (14336K), 3 survivors (3072K)
 Metaspace       used 29918K, committed 30272K, reserved 1081344K
  class space    used 3630K, committed 3776K, reserved 1048576K

Heap Regions: E=young(eden), S=young(survivor), O=old, HS=humongous(starts), HC=humongous(continues), CS=collection set, F=free, OA=open archive, CA=closed archive, TAMS=top-at-mark-start (previous, next)
|   0|0x0000000080a00000, 0x0000000080b00000, 0x0000000080b00000|100%| O|  |TAMS 0x0000000080b00000, 0x0000000080a00000| Untracked 
|   1|0x0000000080b00000, 0x0000000080c00000, 0x0000000080c00000|100%| O|  |TAMS 0x0000000080c00000, 0x0000000080b00000| Untracked 
|   2|0x0000000080c00000, 0x0000000080d00000, 0x0000000080d00000|100%| O|  |TAMS 0x0000000080d00000, 0x0000000080c00000| Untracked 
|   3|0x0000000080d00000, 0x0000000080e00000, 0x0000000080e00000|100%| O|  |TAMS 0x0000000080e00000, 0x0000000080d00000| Untracked 
|   4|0x0000000080e00000, 0x0000000080ee0c00, 0x0000000080f00000| 87%| O|  |TAMS 0x0000000080ee0c00, 0x0000000080e00000| Untracked 
|   5|0x0000000080f00000, 0x0000000081000000, 0x0000000081000000|100%| O|  |TAMS 0x0000000080f00000, 0x0000000080f00000| Untracked 
|   6|0x0000000081000000, 0x0000000081100000, 0x0000000081100000|100%| O|  |TAMS 0x0000000081000000, 0x0000000081000000| Untracked 
|   7|0x0000000081100000, 0x0000000081200000, 0x0000000081200000|100%| O|  |TAMS 0x0000000081100000, 0x0000000081100000| Untracked 
|   8|0x0000000081200000, 0x0000000081300000, 0x0000000081300000|100%| O|  |TAMS 0x0000000081200000, 0x0000000081200000| Untracked 
|   9|0x0000000081300000, 0x0000000081398400, 0x0000000081400000| 59%| O|  |TAMS 0x0000000081300000, 0x0000000081300000| Untracked 
|  10|0x0000000081400000, 0x0000000081400000, 0x0000000081500000|  0%| F|  |TAMS 0x0000000081400000, 0x0000000081400000| Untracked 
|  11|0x0000000081500000, 0x0000000081500000, 0x0000000081600000|  0%| F|  |TAMS 0x0000000081500000, 0x0000000081500000| Untracked 
|  12|0x0000000081600000, 0x0000000081600000, 0x0000000081700000|  0%| F|  |TAMS 0x0000000081600000, 0x0000000081600000| Untracked 
|  13|0x0000000081700000, 0x0000000081700000, 0x0000000081800000|  0%| F|  |TAMS 0x0000000081700000, 0x0000000081700000| Untracked 
|  14|0x0000000081800000, 0x0000000081800000, 0x0000000081900000|  0%| F|  |TAMS 0x0000000081800000, 0x0000000081800000| Untracked 
|  15|0x0000000081900000, 0x0000000081900000, 0x0000000081a00000|  0%| F|  |TAMS 0x0000000081900000, 0x0000000081900000| Untracked 
|  16|0x0000000081a00000, 0x0000000081a00000, 0x0000000081b00000|  0%| F|  |TAMS 0x0000000081a00000, 0x0000000081a00000| Untracked 
|  17|0x0000000081b00000, 0x0000000081b00000, 0x0000000081c00000|  0%| F|  |TAMS 0x0000000081b00000, 0x0000000081b00000| Untracked 
|  18|0x0000000081c00000, 0x0000000081c00000, 0x0000000081d00000|  0%| F|  |TAMS 0x0000000081c00000, 0x0000000081c00000| Untracked 
|  19|0x0000000081d00000, 0x0000000081e00000, 0x0000000081e00000|100%| S|CS|TAMS 0x0000000081d00000, 0x0000000081d00000| Complete 
|  20|0x0000000081e00000, 0x0000000081f00000, 0x0000000081f00000|100%| S|CS|TAMS 0x0000000081e00000, 0x0000000081e00000| Complete 
|  21|0x0000000081f00000, 0x0000000082000000, 0x0000000082000000|100%| S|CS|TAMS 0x0000000081f00000, 0x0000000081f00000| Complete 
|  22|0x0000000082000000, 0x0000000082000000, 0x0000000082100000|  0%| F|  |TAMS 0x0000000082000000, 0x0000000082000000| Untracked 
|  23|0x0000000082100000, 0x0000000082100000, 0x0000000082200000|  0%| F|  |TAMS 0x0000000082100000, 0x0000000082100000| Untracked 
|  24|0x0000000082200000, 0x0000000082200000, 0x0000000082300000|  0%| F|  |TAMS 0x0000000082200000, 0x0000000082200000| Untracked 
|  25|0x0000000082300000, 0x0000000082300000, 0x0000000082400000|  0%| F|  |TAMS 0x0000000082300000, 0x0000000082300000| Untracked 
|  26|0x0000000082400000, 0x00000000824318b8, 0x0000000082500000| 19%| E|  |TAMS 0x0000000082400000, 0x0000000082400000| Complete 
|  27|0x0000000082500000, 0x0000000082600000, 0x0000000082600000|100%| E|CS|TAMS 0x0000000082500000, 0x0000000082500000| Complete 
|  28|0x0000000082600000, 0x0000000082700000, 0x0000000082700000|100%| E|CS|TAMS 0x0000000082600000, 0x0000000082600000| Complete 
|  29|0x0000000082700000, 0x0000000082800000, 0x0000000082800000|100%| E|CS|TAMS 0x0000000082700000, 0x0000000082700000| Complete 
|  30|0x0000000082800000, 0x0000000082900000, 0x0000000082900000|100%| E|CS|TAMS 0x0000000082800000, 0x0000000082800000| Complete 
|  78|0x0000000085800000, 0x0000000085900000, 0x0000000085900000|100%| E|CS|TAMS 0x0000000085800000, 0x0000000085800000| Complete 
|  79|0x0000000085900000, 0x0000000085a00000, 0x0000000085a00000|100%| E|CS|TAMS 0x0000000085900000, 0x0000000085900000| Complete 
|  80|0x0000000085a00000, 0x0000000085b00000, 0x0000000085b00000|100%| E|CS|TAMS 0x0000000085a00000, 0x0000000085a00000| Complete 
|  81|0x0000000085b00000, 0x0000000085c00000, 0x0000000085c00000|100%| E|CS|TAMS 0x0000000085b00000, 0x0000000085b00000| Complete 
|  82|0x0000000085c00000, 0x0000000085d00000, 0x0000000085d00000|100%| E|CS|TAMS 0x0000000085c00000, 0x0000000085c00000| Complete 
| 127|0x0000000088900000, 0x0000000088a00000, 0x0000000088a00000|100%| E|CS|TAMS 0x0000000088900000, 0x0000000088900000| Complete 

Card table byte_map: [0x000002713e9f0000,0x000002713edf0000] _byte_map_base: 0x000002713e5eb000

Marking Bits (Prev, Next): (CMBitMap*) 0x0000027127b9cd90, (CMBitMap*) 0x0000027127b9cd50
 Prev Bits: [0x00000271411d0000, 0x00000271431a8000)
 Next Bits: [0x000002713f1f0000, 0x00000271411c8000)

Polling page: 0x0000027125b40000

Metaspace:

Usage:
  Non-class:     25.67 MB used.
      Class:      3.55 MB used.
       Both:     29.22 MB used.

Virtual space:
  Non-class space:       32.00 MB reserved,      25.88 MB ( 81%) committed,  4 nodes.
      Class space:        1.00 GB reserved,       3.69 MB ( <1%) committed,  1 nodes.
              Both:        1.03 GB reserved,      29.56 MB (  3%) committed. 

Chunk freelists:
   Non-Class:  1.72 MB
       Class:  280.00 KB
        Both:  1.99 MB

MaxMetaspaceSize: 17179869184.00 GB
CompressedClassSpaceSize: 1.00 GB
 - commit_granule_bytes: 65536.
 - commit_granule_words: 8192.
 - virtual_space_node_default_size: 1048576.
 - enlarge_chunks_in_place: 1.
 - new_chunks_are_fully_committed: 0.
 - uncommit_free_chunks: 1.
 - use_allocation_guard: 0.
 - handle_deallocations: 1.


Internal statistics:

num_allocs_failed_limit: 3.
num_arena_births: 396.
num_arena_deaths: 0.
num_vsnodes_births: 5.
num_vsnodes_deaths: 0.
num_space_committed: 473.
num_space_uncommitted: 0.
num_chunks_returned_to_freelist: 3.
num_chunks_taken_from_freelist: 1436.
num_chunk_merges: 0.
num_chunk_splits: 983.
num_chunks_enlarged: 730.
num_purges: 0.

CodeHeap 'non-profiled nmethods': size=120000Kb used=2234Kb max_used=2234Kb free=117765Kb
 bounds [0x0000027136d90000, 0x0000027137000000, 0x000002713e2c0000]
CodeHeap 'profiled nmethods': size=120000Kb used=7984Kb max_used=7984Kb free=112015Kb
 bounds [0x000002712f860000, 0x0000027130030000, 0x0000027136d90000]
CodeHeap 'non-nmethods': size=5760Kb used=1248Kb max_used=1319Kb free=4511Kb
 bounds [0x000002712f2c0000, 0x000002712f530000, 0x000002712f860000]
 total_blobs=4566 nmethods=4015 adapters=463
 compilation: enabled
              stopped_count=0, restarted_count=0
 full_count=0

Compilation events (20 events):
Event: 64.176 Thread 0x0000027145bb23f0 3972       3       java.lang.invoke.VarHandleReferences$Array::getAndSet (61 bytes)
Event: 64.176 Thread 0x0000027145ba5310 nmethod 3970 0x0000027136fbaa90 code [0x0000027136fbac20, 0x0000027136fbad38]
Event: 64.176 Thread 0x0000027145ba5310 3971   !   4       java.io.StringReader::read (52 bytes)
Event: 64.177 Thread 0x0000027145bb23f0 nmethod 3972 0x000002713001a390 code [0x000002713001a660, 0x000002713001b548]
Event: 64.177 Thread 0x0000027145bb23f0 3977       3       com.fasterxml.jackson.core.base.ParserBase::getCurrentName (45 bytes)
Event: 64.177 Thread 0x0000027145bb23f0 nmethod 3977 0x000002713001bb90 code [0x000002713001bd40, 0x000002713001bf98]
Event: 64.177 Thread 0x0000027145bb23f0 3976       1       com.fasterxml.jackson.core.base.ParserMinimalBase::currentToken (5 bytes)
Event: 64.177 Thread 0x0000027145bb23f0 nmethod 3976 0x0000027136fbae10 code [0x0000027136fbafa0, 0x0000027136fbb078]
Event: 64.177 Thread 0x0000027145bb23f0 3973       1       com.fasterxml.jackson.core.io.ContentReference::getRawContent (5 bytes)
Event: 64.177 Thread 0x0000027145bb23f0 nmethod 3973 0x0000027136fbb110 code [0x0000027136fbb2a0, 0x0000027136fbb378]
Event: 64.177 Thread 0x0000027145bb23f0 3974       1       com.fasterxml.jackson.databind.ObjectMapper::getDeserializationConfig (5 bytes)
Event: 64.177 Thread 0x0000027145bb23f0 nmethod 3974 0x0000027136fbb410 code [0x0000027136fbb5a0, 0x0000027136fbb678]
Event: 64.177 Thread 0x0000027145bb23f0 3975       1       com.fasterxml.jackson.databind.DeserializationConfig::getDeserializationFeatures (5 bytes)
Event: 64.177 Thread 0x0000027145bb23f0 nmethod 3975 0x0000027136fbb710 code [0x0000027136fbb8a0, 0x0000027136fbb978]
Event: 64.177 Thread 0x0000027145bb23f0 3978       1       com.fasterxml.jackson.core.io.IOContext::setEncoding (6 bytes)
Event: 64.177 Thread 0x0000027145bb23f0 nmethod 3978 0x0000027136fbba10 code [0x0000027136fbbba0, 0x0000027136fbbcb8]
Event: 64.177 Thread 0x0000027145bb23f0 3979       1       com.fasterxml.jackson.databind.ObjectMapper::getSerializationConfig (5 bytes)
Event: 64.178 Thread 0x0000027145bb23f0 nmethod 3979 0x0000027136fbbd10 code [0x0000027136fbbea0, 0x0000027136fbbf78]
Event: 64.179 Thread 0x0000027145ba5310 nmethod 3971 0x0000027136fbc010 code [0x0000027136fbc1a0, 0x0000027136fbc5c8]
Event: 64.179 Thread 0x0000027145ba5310 3980       4       org.apache.tomcat.util.buf.MessageBytes::recycle (40 bytes)

GC Heap History (10 events):
Event: 1.293 GC heap before
{Heap before GC invocations=0 (full 0):
 garbage-first heap   total 131072K, used 22528K [0x0000000080a00000, 0x0000000100000000)
  region size 1024K, 23 young (23552K), 0 survivors (0K)
 Metaspace       used 6565K, committed 6784K, reserved 1056768K
  class space    used 750K, committed 832K, reserved 1048576K
}
Event: 1.300 GC heap after
{Heap after GC invocations=1 (full 0):
 garbage-first heap   total 131072K, used 4826K [0x0000000080a00000, 0x0000000100000000)
  region size 1024K, 3 young (3072K), 3 survivors (3072K)
 Metaspace       used 6565K, committed 6784K, reserved 1056768K
  class space    used 750K, committed 832K, reserved 1048576K
}
Event: 1.773 GC heap before
{Heap before GC invocations=1 (full 0):
 garbage-first heap   total 131072K, used 30426K [0x0000000080a00000, 0x0000000100000000)
  region size 1024K, 28 young (28672K), 3 survivors (3072K)
 Metaspace       used 13151K, committed 13312K, reserved 1064960K
  class space    used 1569K, committed 1664K, reserved 1048576K
}
Event: 1.778 GC heap after
{Heap after GC invocations=2 (full 0):
 garbage-first heap   total 131072K, used 6435K [0x0000000080a00000, 0x0000000100000000)
  region size 1024K, 2 young (2048K), 2 survivors (2048K)
 Metaspace       used 13151K, committed 13312K, reserved 1064960K
  class space    used 1569K, committed 1664K, reserved 1048576K
}
Event: 2.891 GC heap before
{Heap before GC invocations=2 (full 0):
 garbage-first heap   total 131072K, used 49443K [0x0000000080a00000, 0x0000000100000000)
  region size 1024K, 45 young (46080K), 2 survivors (2048K)
 Metaspace       used 20929K, committed 21248K, reserved 1073152K
  class space    used 2580K, committed 2752K, reserved 1048576K
}
Event: 2.898 GC heap after
{Heap after GC invocations=3 (full 0):
 garbage-first heap   total 131072K, used 9543K [0x0000000080a00000, 0x0000000100000000)
  region size 1024K, 5 young (5120K), 5 survivors (5120K)
 Metaspace       used 20929K, committed 21248K, reserved 1073152K
  class space    used 2580K, committed 2752K, reserved 1048576K
}
Event: 3.434 GC heap before
{Heap before GC invocations=4 (full 0):
 garbage-first heap   total 37888K, used 26951K [0x0000000080a00000, 0x0000000100000000)
  region size 1024K, 22 young (22528K), 5 survivors (5120K)
 Metaspace       used 24208K, committed 24512K, reserved 1073152K
  class space    used 2949K, committed 3072K, reserved 1048576K
}
Event: 3.439 GC heap after
{Heap after GC invocations=5 (full 0):
 garbage-first heap   total 37888K, used 11134K [0x0000000080a00000, 0x0000000100000000)
  region size 1024K, 2 young (2048K), 2 survivors (2048K)
 Metaspace       used 24208K, committed 24512K, reserved 1073152K
  class space    used 2949K, committed 3072K, reserved 1048576K
}
Event: 9.122 GC heap before
{Heap before GC invocations=5 (full 0):
 garbage-first heap   total 37888K, used 25470K [0x0000000080a00000, 0x0000000100000000)
  region size 1024K, 17 young (17408K), 2 survivors (2048K)
 Metaspace       used 27721K, committed 27968K, reserved 1081344K
  class space    used 3385K, committed 3520K, reserved 1048576K
}
Event: 9.125 GC heap after
{Heap after GC invocations=6 (full 0):
 garbage-first heap   total 37888K, used 12772K [0x0000000080a00000, 0x0000000100000000)
  region size 1024K, 3 young (3072K), 3 survivors (3072K)
 Metaspace       used 27721K, committed 27968K, reserved 1081344K
  class space    used 3385K, committed 3520K, reserved 1048576K
}

Deoptimization events (20 events):
Event: 9.159 Thread 0x000002714881deb0 Uncommon trap: trap_request=0xffffff45 fr.pc=0x0000027136e3e17c relative=0x000000000000005c
Event: 9.159 Thread 0x000002714881deb0 Uncommon trap: reason=unstable_if action=reinterpret pc=0x0000027136e3e17c method=java.util.Objects.equals(Ljava/lang/Object;Ljava/lang/Object;)Z @ 6 c2
Event: 9.159 Thread 0x000002714881deb0 DEOPT PACKING pc=0x0000027136e3e17c sp=0x000000fb020fca20
Event: 9.159 Thread 0x000002714881deb0 DEOPT UNPACKING pc=0x000002712f30d72e sp=0x000000fb020fc9c0 mode 2
Event: 9.224 Thread 0x000002714881deb0 Uncommon trap: trap_request=0xffffff45 fr.pc=0x0000027136f4b1a8 relative=0x00000000000004a8
Event: 9.224 Thread 0x000002714881deb0 Uncommon trap: reason=unstable_if action=reinterpret pc=0x0000027136f4b1a8 method=jdk.internal.org.objectweb.asm.Type.getArgumentsAndReturnSizes(Ljava/lang/String;)I @ 25 c2
Event: 9.225 Thread 0x000002714881deb0 DEOPT PACKING pc=0x0000027136f4b1a8 sp=0x000000fb020fb0f0
Event: 9.225 Thread 0x000002714881deb0 DEOPT UNPACKING pc=0x000002712f30d72e sp=0x000000fb020fb070 mode 2
Event: 9.225 Thread 0x000002714881deb0 Uncommon trap: trap_request=0xffffff45 fr.pc=0x0000027136ef3338 relative=0x00000000000004d8
Event: 9.225 Thread 0x000002714881deb0 Uncommon trap: reason=unstable_if action=reinterpret pc=0x0000027136ef3338 method=jdk.internal.org.objectweb.asm.MethodWriter.visitVarInsn(II)V @ 230 c2
Event: 9.225 Thread 0x000002714881deb0 DEOPT PACKING pc=0x0000027136ef3338 sp=0x000000fb020fafe0
Event: 9.225 Thread 0x000002714881deb0 DEOPT UNPACKING pc=0x000002712f30d72e sp=0x000000fb020faf88 mode 2
Event: 9.225 Thread 0x000002714881deb0 Uncommon trap: trap_request=0xffffff45 fr.pc=0x0000027136e2d768 relative=0x0000000000000248
Event: 9.225 Thread 0x000002714881deb0 Uncommon trap: reason=unstable_if action=reinterpret pc=0x0000027136e2d768 method=jdk.internal.org.objectweb.asm.Frame.push(I)V @ 26 c2
Event: 9.225 Thread 0x000002714881deb0 DEOPT PACKING pc=0x0000027136e2d768 sp=0x000000fb020fb130
Event: 9.225 Thread 0x000002714881deb0 DEOPT UNPACKING pc=0x000002712f30d72e sp=0x000000fb020fb0d8 mode 2
Event: 9.238 Thread 0x000002714881deb0 Uncommon trap: trap_request=0xffffffcc fr.pc=0x0000027136f79008 relative=0x00000000000002e8
Event: 9.238 Thread 0x000002714881deb0 Uncommon trap: reason=intrinsic_or_type_checked_inlining action=make_not_entrant pc=0x0000027136f79008 method=java.util.Arrays.copyOf([Ljava/lang/Object;ILjava/lang/Class;)[Ljava/lang/Object; @ 35 c2
Event: 9.238 Thread 0x000002714881deb0 DEOPT PACKING pc=0x0000027136f79008 sp=0x000000fb020fd130
Event: 9.238 Thread 0x000002714881deb0 DEOPT UNPACKING pc=0x000002712f30d72e sp=0x000000fb020fd0c0 mode 2

Classes unloaded (0 events):
No events

Classes redefined (0 events):
No events

Internal exceptions (20 events):
Event: 3.372 Thread 0x0000027127b5c0b0 Exception <a 'java/lang/ClassNotFoundException'{0x0000000081a2fd00}: org/springframework/beans/factory/AwareCustomizer> (0x0000000081a2fd00) 
thrown [t:\workspace\open\src\hotspot\share\classfile\systemDictionary.cpp, line 256]
Event: 3.372 Thread 0x0000027127b5c0b0 Exception <a 'java/lang/ClassNotFoundException'{0x0000000081a32a20}: org/springframework/web/context/ServletContextAwareCustomizer> (0x0000000081a32a20) 
thrown [t:\workspace\open\src\hotspot\share\classfile\systemDictionary.cpp, line 256]
Event: 3.373 Thread 0x0000027127b5c0b0 Exception <a 'java/lang/ClassNotFoundException'{0x0000000081a36840}: org/springframework/beans/factory/AwareCustomizer> (0x0000000081a36840) 
thrown [t:\workspace\open\src\hotspot\share\classfile\systemDictionary.cpp, line 256]
Event: 3.492 Thread 0x0000027127b5c0b0 Exception <a 'java/lang/NoSuchMethodError'{0x0000000085b51c00}: 'void java.lang.invoke.DirectMethodHandle$Holder.invokeVirtual(java.lang.Object, java.lang.Object, int)'> (0x0000000085b51c00) 
thrown [t:\workspace\open\src\hotspot\share\interpreter\linkResolver.cpp, line 790]
Event: 3.495 Thread 0x0000027127b5c0b0 Exception <a 'java/lang/NoSuchMethodError'{0x0000000085b6d190}: 'void java.lang.invoke.DirectMethodHandle$Holder.invokeVirtual(java.lang.Object, java.lang.Object, long)'> (0x0000000085b6d190) 
thrown [t:\workspace\open\src\hotspot\share\interpreter\linkResolver.cpp, line 790]
Event: 3.602 Thread 0x0000027127b5c0b0 Exception <a 'java/lang/IncompatibleClassChangeError'{0x0000000082742e28}: Found class java.lang.Object, but interface was expected> (0x0000000082742e28) 
thrown [t:\workspace\open\src\hotspot\share\interpreter\linkResolver.cpp, line 857]
Event: 3.639 Thread 0x0000027127b5c0b0 Exception <a 'java/lang/NoSuchMethodError'{0x0000000082675d60}: 'int java.lang.invoke.DirectMethodHandle$Holder.invokeStaticInit(java.lang.Object, java.lang.Object, java.lang.Object, java.lang.Object)'> (0x0000000082675d60) 
thrown [t:\workspace\open\src\hotspot\share\interpreter\linkResolver.cpp, line 790]
Event: 3.679 Thread 0x0000027127b5c0b0 Exception <a 'java/lang/NoSuchMethodError'{0x00000000825e18b0}: 'java.lang.Object java.lang.invoke.DirectMethodHandle$Holder.newInvokeSpecial(java.lang.Object, java.lang.Object, int, java.lang.Object, java.lang.Object)'> (0x00000000825e18b0) 
thrown [t:\workspace\open\src\hotspot\share\interpreter\linkResolver.cpp, line 790]
Event: 3.680 Thread 0x0000027127b5c0b0 Exception <a 'java/lang/NoSuchMethodError'{0x00000000825ed628}: 'java.lang.Object java.lang.invoke.DirectMethodHandle$Holder.invokeSpecial(java.lang.Object, java.lang.Object, int, java.lang.Object, int, java.lang.Object)'> (0x00000000825ed628) 
thrown [t:\workspace\open\src\hotspot\share\interpreter\linkResolver.cpp, line 790]
Event: 3.681 Thread 0x0000027127b5c0b0 Exception <a 'java/lang/NoSuchMethodError'{0x00000000825f59e8}: 'java.lang.Object java.lang.invoke.DirectMethodHandle$Holder.newInvokeSpecial(java.lang.Object, java.lang.Object, int, java.lang.Object, int)'> (0x00000000825f59e8) 
thrown [t:\workspace\open\src\hotspot\share\interpreter\linkResolver.cpp, line 790]
Event: 3.681 Thread 0x0000027127b5c0b0 Exception <a 'java/lang/NoSuchMethodError'{0x00000000825f9bf8}: 'java.lang.Object java.lang.invoke.DirectMethodHandle$Holder.invokeSpecial(java.lang.Object, java.lang.Object, java.lang.Object, int, java.lang.Object, int)'> (0x00000000825f9bf8) 
thrown [t:\workspace\open\src\hotspot\share\interpreter\linkResolver.cpp, line 790]
Event: 3.682 Thread 0x0000027127b5c0b0 Exception <a 'java/lang/NoSuchMethodError'{0x00000000824048b8}: 'void java.lang.invoke.DirectMethodHandle$Holder.invokeVirtual(java.lang.Object, java.lang.Object)'> (0x00000000824048b8) 
thrown [t:\workspace\open\src\hotspot\share\interpreter\linkResolver.cpp, line 790]
Event: 9.224 Thread 0x000002714881deb0 Exception <a 'java/lang/NoSuchMethodError'{0x00000000859d7b20}: 'java.lang.Object java.lang.invoke.DirectMethodHandle$Holder.invokeSpecial(java.lang.Object, java.lang.Object, long, java.lang.Object, int, int, java.lang.Object, java.lang.Object, java.lang.Object)'> (0x00000000859d7b20) 
thrown [t:\workspace\open\src\hotspot\share\interpreter\linkResolver.cpp, line 790]
Event: 9.224 Thread 0x000002714881deb0 Exception <a 'java/lang/NoSuchMethodError'{0x00000000859dc7c8}: 'java.lang.Object java.lang.invoke.DelegatingMethodHandle$Holder.reinvoke_L(java.lang.Object, long, java.lang.Object, int, int, java.lang.Object, java.lang.Object, java.lang.Object)'> (0x00000000859dc7c8) 
thrown [t:\workspace\open\src\hotspot\share\interpreter\linkResolver.cpp, line 790]
Event: 63.184 Thread 0x0000027149fa7e00 Exception <a 'at/wisch/joystick/exception/SDLErrorException'{0x00000000826bab38}: Haptic error Running the effect> (0x00000000826bab38) 
thrown [t:\workspace\open\src\hotspot\share\prims\jni.cpp, line 600]
Event: 64.157 Thread 0x0000027149fa68c0 Exception <a 'at/wisch/joystick/exception/SDLErrorException'{0x0000000082509e88}: Haptic error Unable to create effect> (0x0000000082509e88) 
thrown [t:\workspace\open\src\hotspot\share\prims\jni.cpp, line 600]
Event: 64.157 Thread 0x0000027149fa7e00 Exception <a 'at/wisch/joystick/exception/SDLErrorException'{0x0000000082519c50}: Haptic error Unable to create effect> (0x0000000082519c50) 
thrown [t:\workspace\open\src\hotspot\share\prims\jni.cpp, line 600]
Event: 64.157 Thread 0x0000027149fa9340 Exception <a 'at/wisch/joystick/exception/SDLErrorException'{0x00000000825275b8}: Haptic error Unable to create effect> (0x00000000825275b8) 
thrown [t:\workspace\open\src\hotspot\share\prims\jni.cpp, line 600]
Event: 64.176 Thread 0x0000027149fa8350 Exception <a 'at/wisch/joystick/exception/SDLErrorException'{0x0000000082558cc8}: Haptic error Unable to create effect> (0x0000000082558cc8) 
thrown [t:\workspace\open\src\hotspot\share\prims\jni.cpp, line 600]
Event: 64.176 Thread 0x0000027149fa6e10 Exception <a 'at/wisch/joystick/exception/SDLErrorException'{0x0000000082534268}: Haptic error Unable to create effect> (0x0000000082534268) 
thrown [t:\workspace\open\src\hotspot\share\prims\jni.cpp, line 600]

Events (20 events):
Event: 14.258 Executing  VM operation: Cleanup done
Event: 50.743 Thread 0x000002714881cec0 Thread added: 0x000002714881cec0
Event: 58.034 Thread 0x0000027149fa78b0 Thread added: 0x0000027149fa78b0
Event: 58.098 Thread 0x0000027149fa7360 Thread added: 0x0000027149fa7360
Event: 58.109 Thread 0x0000027149fa68c0 Thread added: 0x0000027149fa68c0
Event: 58.114 Thread 0x0000027149fa6e10 Thread added: 0x0000027149fa6e10
Event: 58.123 Thread 0x0000027149fa88a0 Thread added: 0x0000027149fa88a0
Event: 58.134 Thread 0x0000027149fa9340 Thread added: 0x0000027149fa9340
Event: 58.279 Executing  VM operation: Cleanup
Event: 58.279 Executing  VM operation: Cleanup done
Event: 58.351 Thread 0x0000027149fa7e00 Thread added: 0x0000027149fa7e00
Event: 58.412 Thread 0x0000027149fa8350 Thread added: 0x0000027149fa8350
Event: 59.280 Executing  VM operation: Cleanup
Event: 59.280 Executing  VM operation: Cleanup done
Event: 59.368 loading class java/util/concurrent/locks/ReentrantReadWriteLock$Sync$HoldCounter
Event: 59.368 loading class java/util/concurrent/locks/ReentrantReadWriteLock$Sync$HoldCounter done
Event: 61.281 Executing  VM operation: Cleanup
Event: 61.281 Executing  VM operation: Cleanup done
Event: 63.281 Executing  VM operation: Cleanup
Event: 63.282 Executing  VM operation: Cleanup done


Dynamic libraries:
0x00007ff742f10000 - 0x00007ff742f1e000 	C:\Users\Jay_\.jdks\openjdk-16.0.1\bin\java.exe
0x00007ff84a870000 - 0x00007ff84aa65000 	C:\WINDOWS\SYSTEM32\ntdll.dll
0x00007ff802680000 - 0x00007ff802696000 	D:\Programmes\AVAST\aswhook.dll
0x00007ff8490d0000 - 0x00007ff84918e000 	C:\WINDOWS\System32\KERNEL32.DLL
0x00007ff848180000 - 0x00007ff848448000 	C:\WINDOWS\System32\KERNELBASE.dll
0x00007ff8484b0000 - 0x00007ff8485b0000 	C:\WINDOWS\System32\ucrtbase.dll
0x00007ff843290000 - 0x00007ff8432a8000 	C:\Users\Jay_\.jdks\openjdk-16.0.1\bin\jli.dll
0x00007ff840d20000 - 0x00007ff840d39000 	C:\Users\Jay_\.jdks\openjdk-16.0.1\bin\VCRUNTIME140.dll
0x00007ff849250000 - 0x00007ff8493f1000 	C:\WINDOWS\System32\USER32.dll
0x00007ff848480000 - 0x00007ff8484a2000 	C:\WINDOWS\System32\win32u.dll
0x00007ff83bf30000 - 0x00007ff83c1ca000 	C:\WINDOWS\WinSxS\amd64_microsoft.windows.common-controls_6595b64144ccf1df_6.0.19041.1110_none_60b5254171f9507e\COMCTL32.dll
0x00007ff8488b0000 - 0x00007ff84894e000 	C:\WINDOWS\System32\msvcrt.dll
0x00007ff849220000 - 0x00007ff84924b000 	C:\WINDOWS\System32\GDI32.dll
0x00007ff847f80000 - 0x00007ff84808d000 	C:\WINDOWS\System32\gdi32full.dll
0x00007ff8480e0000 - 0x00007ff84817d000 	C:\WINDOWS\System32\msvcp_win.dll
0x00007ff84a6c0000 - 0x00007ff84a6f0000 	C:\WINDOWS\System32\IMM32.DLL
0x00007ff843280000 - 0x00007ff84328c000 	C:\Users\Jay_\.jdks\openjdk-16.0.1\bin\vcruntime140_1.dll
0x00007ff83a960000 - 0x00007ff83a9f1000 	C:\Users\Jay_\.jdks\openjdk-16.0.1\bin\msvcp140.dll
0x00007fffd5c90000 - 0x00007fffd683b000 	C:\Users\Jay_\.jdks\openjdk-16.0.1\bin\server\jvm.dll
0x00007ff84a060000 - 0x00007ff84a10c000 	C:\WINDOWS\System32\ADVAPI32.dll
0x00007ff848950000 - 0x00007ff8489eb000 	C:\WINDOWS\System32\sechost.dll
0x00007ff848fa0000 - 0x00007ff8490ca000 	C:\WINDOWS\System32\RPCRT4.dll
0x00007ff849610000 - 0x00007ff849618000 	C:\WINDOWS\System32\PSAPI.DLL
0x00007ff83cd90000 - 0x00007ff83cdb7000 	C:\WINDOWS\SYSTEM32\WINMM.dll
0x00007ff839420000 - 0x00007ff839429000 	C:\WINDOWS\SYSTEM32\WSOCK32.dll
0x00007ff846d90000 - 0x00007ff846d9a000 	C:\WINDOWS\SYSTEM32\VERSION.dll
0x00007ff849630000 - 0x00007ff84969b000 	C:\WINDOWS\System32\WS2_32.dll
0x00007ff846d50000 - 0x00007ff846d62000 	C:\WINDOWS\SYSTEM32\kernel.appcore.dll
0x00007ff840d10000 - 0x00007ff840d1a000 	C:\Users\Jay_\.jdks\openjdk-16.0.1\bin\jimage.dll
0x00007ff845430000 - 0x00007ff845614000 	C:\WINDOWS\SYSTEM32\DBGHELP.DLL
0x00007ff83d8b0000 - 0x00007ff83d8dc000 	C:\WINDOWS\SYSTEM32\dbgcore.DLL
0x00007ff848660000 - 0x00007ff8486e2000 	C:\WINDOWS\System32\bcryptPrimitives.dll
0x00007ff840d00000 - 0x00007ff840d0e000 	C:\Users\Jay_\.jdks\openjdk-16.0.1\bin\instrument.dll
0x00007ff83f940000 - 0x00007ff83f965000 	C:\Users\Jay_\.jdks\openjdk-16.0.1\bin\java.dll
0x00007ff849910000 - 0x00007ff84a054000 	C:\WINDOWS\System32\SHELL32.dll
0x00007ff8465b0000 - 0x00007ff846d44000 	C:\WINDOWS\SYSTEM32\windows.storage.dll
0x00007ff84a1e0000 - 0x00007ff84a535000 	C:\WINDOWS\System32\combase.dll
0x00007ff8479b0000 - 0x00007ff8479de000 	C:\WINDOWS\SYSTEM32\Wldp.dll
0x00007ff84a6f0000 - 0x00007ff84a79d000 	C:\WINDOWS\System32\SHCORE.dll
0x00007ff8498b0000 - 0x00007ff849905000 	C:\WINDOWS\System32\shlwapi.dll
0x00007ff847ec0000 - 0x00007ff847edf000 	C:\WINDOWS\SYSTEM32\profapi.dll
0x00007ff83a8b0000 - 0x00007ff83a8c8000 	C:\Users\Jay_\.jdks\openjdk-16.0.1\bin\zip.dll
0x00007ff83fa60000 - 0x00007ff83fa79000 	C:\Users\Jay_\.jdks\openjdk-16.0.1\bin\net.dll
0x00007ff840350000 - 0x00007ff84045c000 	C:\WINDOWS\SYSTEM32\WINHTTP.dll
0x00007ff8476d0000 - 0x00007ff84773a000 	C:\WINDOWS\system32\mswsock.dll
0x00007ff83a8d0000 - 0x00007ff83a8e3000 	C:\Users\Jay_\.jdks\openjdk-16.0.1\bin\nio.dll
0x00007ff83a890000 - 0x00007ff83a8aa000 	C:\Program Files\JetBrains\IntelliJ IDEA Community Edition 2021.1.1\bin\breakgen64.dll
0x00007ff83a950000 - 0x00007ff83a95b000 	D:\Java\projects\ForceFeedback\ff\ffjoystick.dll
0x0000000052b60000 - 0x0000000052c32000 	C:\WINDOWS\SYSTEM32\MSVCR100.dll
0x00007ff83a7c0000 - 0x00007ff83a88e000 	D:\Java\projects\ForceFeedback\ff\SDL.dll
0x00007ff8489f0000 - 0x00007ff848b1a000 	C:\WINDOWS\System32\ole32.dll
0x00007ff84a110000 - 0x00007ff84a1dd000 	C:\WINDOWS\System32\OLEAUT32.dll
0x00007ff8451f0000 - 0x00007ff84528e000 	C:\WINDOWS\system32\uxtheme.dll
0x00007ff849700000 - 0x00007ff8497a9000 	C:\WINDOWS\System32\clbcatq.dll
0x00007ff83a790000 - 0x00007ff83a7bf000 	C:\Windows\System32\dinput.dll
0x00007ff845d80000 - 0x00007ff845d8d000 	C:\WINDOWS\SYSTEM32\HID.DLL
0x00007ff833180000 - 0x00007ff8332d2000 	C:\WINDOWS\SYSTEM32\inputhost.dll
0x00007ff844360000 - 0x00007ff8444b4000 	C:\WINDOWS\SYSTEM32\wintypes.dll
0x00007ff844a30000 - 0x00007ff844d8e000 	C:\WINDOWS\SYSTEM32\CoreUIComponents.dll
0x00007ff842f90000 - 0x00007ff843086000 	C:\WINDOWS\SYSTEM32\PROPSYS.dll
0x00007ff844d90000 - 0x00007ff844e82000 	C:\WINDOWS\SYSTEM32\CoreMessaging.dll
0x00007ff8463c0000 - 0x00007ff8463f3000 	C:\WINDOWS\SYSTEM32\ntmarta.dll
0x00007ff848b20000 - 0x00007ff848f92000 	C:\WINDOWS\System32\SETUPAPI.DLL
0x00007ff848090000 - 0x00007ff8480de000 	C:\WINDOWS\System32\cfgmgr32.dll
0x00007ff848450000 - 0x00007ff848477000 	C:\WINDOWS\System32\bcrypt.dll
0x00007ff847d20000 - 0x00007ff847d54000 	C:\WINDOWS\SYSTEM32\DEVOBJ.dll
0x00007ff8486f0000 - 0x00007ff848750000 	C:\WINDOWS\System32\WINTRUST.dll
0x00007ff848750000 - 0x00007ff8488a6000 	C:\WINDOWS\System32\CRYPT32.dll
0x00007ff847b60000 - 0x00007ff847b72000 	C:\WINDOWS\SYSTEM32\MSASN1.dll
0x00007ff829060000 - 0x00007ff8290a5000 	C:\WINDOWS\SYSTEM32\DINPUT8.dll
0x00007ff826720000 - 0x00007ff826773000 	C:\WINDOWS\System32\LGJoyFrc.dll
0x00007ff83dea0000 - 0x00007ff83deb0000 	C:\Users\Jay_\.jdks\openjdk-16.0.1\bin\verify.dll
0x00007ff83a780000 - 0x00007ff83a789000 	C:\Users\Jay_\.jdks\openjdk-16.0.1\bin\management.dll
0x00007ff83a770000 - 0x00007ff83a77b000 	C:\Users\Jay_\.jdks\openjdk-16.0.1\bin\management_ext.dll
0x00007ff824280000 - 0x00007ff824297000 	C:\WINDOWS\system32\napinsp.dll
0x00007ff824260000 - 0x00007ff82427b000 	C:\WINDOWS\system32\pnrpnsp.dll
0x00007ff842be0000 - 0x00007ff842bf5000 	C:\WINDOWS\system32\wshbth.dll
0x00007ff8432b0000 - 0x00007ff8432cd000 	C:\WINDOWS\system32\NLAapi.dll
0x00007ff847390000 - 0x00007ff8473cb000 	C:\WINDOWS\SYSTEM32\IPHLPAPI.DLL
0x00007ff8473e0000 - 0x00007ff8474ab000 	C:\WINDOWS\SYSTEM32\DNSAPI.dll
0x00007ff849190000 - 0x00007ff849198000 	C:\WINDOWS\System32\NSI.dll
0x00007ff82dd70000 - 0x00007ff82dd82000 	C:\WINDOWS\System32\winrnr.dll
0x00007ff841130000 - 0x00007ff84113a000 	C:\Windows\System32\rasadhlp.dll
0x00007ff83ea70000 - 0x00007ff83eaef000 	C:\WINDOWS\System32\fwpuclnt.dll
0x00007ff847880000 - 0x00007ff847898000 	C:\WINDOWS\SYSTEM32\CRYPTSP.dll
0x00007ff847000000 - 0x00007ff847034000 	C:\WINDOWS\system32\rsaenh.dll
0x00007ff847e80000 - 0x00007ff847eae000 	C:\WINDOWS\SYSTEM32\USERENV.dll
0x00007ff847870000 - 0x00007ff84787c000 	C:\WINDOWS\SYSTEM32\CRYPTBASE.dll
0x00007ff8411d0000 - 0x00007ff8411e7000 	C:\WINDOWS\SYSTEM32\dhcpcsvc6.DLL
0x00007ff841140000 - 0x00007ff84115d000 	C:\WINDOWS\SYSTEM32\dhcpcsvc.DLL
0x00007ff83a760000 - 0x00007ff83a76e000 	C:\Users\Jay_\.jdks\openjdk-16.0.1\bin\sunmscapi.dll
0x00007ff847a40000 - 0x00007ff847a67000 	C:\WINDOWS\SYSTEM32\ncrypt.dll
0x00007ff847a00000 - 0x00007ff847a3b000 	C:\WINDOWS\SYSTEM32\NTASN1.dll
0x00007ff83a750000 - 0x00007ff83a757000 	C:\WINDOWS\system32\wshunix.dll

dbghelp: loaded successfully - version: 4.0.5 - missing functions: none
symbol engine: initialized successfully - sym options: 0x614 - pdb path: .;C:\Users\Jay_\.jdks\openjdk-16.0.1\bin;C:\WINDOWS\SYSTEM32;D:\Programmes\AVAST;C:\WINDOWS\WinSxS\amd64_microsoft.windows.common-controls_6595b64144ccf1df_6.0.19041.1110_none_60b5254171f9507e;C:\Users\Jay_\.jdks\openjdk-16.0.1\bin\server;C:\Program Files\JetBrains\IntelliJ IDEA Community Edition 2021.1.1\bin;D:\Java\projects\ForceFeedback\ff

VM Arguments:
jvm_args: -javaagent:C:\Program Files\JetBrains\IntelliJ IDEA Community Edition 2021.1.1\lib\idea_rt.jar=61697:C:\Program Files\JetBrains\IntelliJ IDEA Community Edition 2021.1.1\bin -Dfile.encoding=UTF-8 
java_command: com.peacefulotter.ffserver.FFServer
java_class_path (initial): D:\Java\projects\ForceFeedbackController\server\target\classes;D:\Java\libs\ffjoystick4java\bin\ffjoystick.jar;C:\Users\Jay_\.m2\repository\org\springframework\boot\spring-boot-starter-web\2.6.2\spring-boot-starter-web-2.6.2.jar;C:\Users\Jay_\.m2\repository\org\springframework\boot\spring-boot-starter\2.6.2\spring-boot-starter-2.6.2.jar;C:\Users\Jay_\.m2\repository\org\springframework\boot\spring-boot\2.6.2\spring-boot-2.6.2.jar;C:\Users\Jay_\.m2\repository\org\springframework\boot\spring-boot-autoconfigure\2.6.2\spring-boot-autoconfigure-2.6.2.jar;C:\Users\Jay_\.m2\repository\org\springframework\boot\spring-boot-starter-logging\2.6.2\spring-boot-starter-logging-2.6.2.jar;C:\Users\Jay_\.m2\repository\ch\qos\logback\logback-classic\1.2.9\logback-classic-1.2.9.jar;C:\Users\Jay_\.m2\repository\ch\qos\logback\logback-core\1.2.9\logback-core-1.2.9.jar;C:\Users\Jay_\.m2\repository\org\apache\logging\log4j\log4j-to-slf4j\2.17.0\log4j-to-slf4j-2.17.0.jar;C:\Users\Jay_\.m2\repository\org\apache\logging\log4j\log4j-api\2.17.0\log4j-api-2.17.0.jar;C:\Users\Jay_\.m2\repository\org\slf4j\jul-to-slf4j\1.7.32\jul-to-slf4j-1.7.32.jar;C:\Users\Jay_\.m2\repository\jakarta\annotation\jakarta.annotation-api\1.3.5\jakarta.annotation-api-1.3.5.jar;C:\Users\Jay_\.m2\repository\org\yaml\snakeyaml\1.29\snakeyaml-1.29.jar;C:\Users\Jay_\.m2\repository\org\springframework\boot\spring-boot-starter-json\2.6.2\spring-boot-starter-json-2.6.2.jar;C:\Users\Jay_\.m2\repository\com\fasterxml\jackson\core\jackson-databind\2.13.1\jackson-databind-2.13.1.jar;C:\Users\Jay_\.m2\repository\com\fasterxml\jackson\core\jackson-annotations\2.13.1\jackson-annotations-2.13.1.jar;C:\Users\Jay_\.m2\repository\com\fasterxml\jackson\core\jackson-core\2.13.1\jackson-core-2.13.1.jar;C:\Users\Jay_\.m2\repository\com\fasterxml\jackson\datatype\jackson-datatype-jdk8\2.13.1\jackson-datatype-jdk8-2.13.1.jar;C:\Users\Jay_\.m2\repository\com\fasterxml\jackson\datatype\jackson-datatype-jsr310\2.13.
Launcher Type: SUN_STANDARD

[Global flags]
     intx CICompilerCount                          = 4                                         {product} {ergonomic}
     uint ConcGCThreads                            = 2                                         {product} {ergonomic}
     uint G1ConcRefinementThreads                  = 8                                         {product} {ergonomic}
   size_t G1HeapRegionSize                         = 1048576                                   {product} {ergonomic}
    uintx GCDrainStackTargetSize                   = 64                                        {product} {ergonomic}
   size_t InitialHeapSize                          = 134217728                                 {product} {ergonomic}
   size_t MarkStackSize                            = 4194304                                   {product} {ergonomic}
   size_t MaxHeapSize                              = 2136997888                                {product} {ergonomic}
   size_t MaxNewSize                               = 1281359872                                {product} {ergonomic}
   size_t MinHeapDeltaBytes                        = 1048576                                   {product} {ergonomic}
   size_t MinHeapSize                              = 8388608                                   {product} {ergonomic}
    uintx NonNMethodCodeHeapSize                   = 5839372                                {pd product} {ergonomic}
    uintx NonProfiledCodeHeapSize                  = 122909434                              {pd product} {ergonomic}
    uintx ProfiledCodeHeapSize                     = 122909434                              {pd product} {ergonomic}
    uintx ReservedCodeCacheSize                    = 251658240                              {pd product} {ergonomic}
     bool SegmentedCodeCache                       = true                                      {product} {ergonomic}
   size_t SoftMaxHeapSize                          = 2136997888                             {manageable} {ergonomic}
     bool UseCompressedClassPointers               = true                           {product lp64_product} {ergonomic}
     bool UseCompressedOops                        = true                           {product lp64_product} {ergonomic}
     bool UseG1GC                                  = true                                      {product} {ergonomic}
     bool UseLargePagesIndividualAllocation        = false                                  {pd product} {ergonomic}

Logging:
Log output configuration:
 #0: stdout all=warning uptime,level,tags
 #1: stderr all=off uptime,level,tags

Environment Variables:
JAVA_HOME=C:\Program Files\Java\jdk-11.0.6
PATH=C:\Python310\Scripts\;C:\Python310\;C:\Program Files (x86)\Razer Chroma SDK\bin;C:\Program Files\Razer Chroma SDK\bin;C:\Program Files (x86)\Razer\ChromaBroadcast\bin;C:\Program Files\Razer\ChromaBroadcast\bin;C:\Perl64\bin;C:\Users\Jay_\AppData\Roaming\ActiveState\bin;C:\Program Files (x86)\Common Files\Oracle\Java\javapath;C:\Windows\system32;C:\Windows;C:\Windows\System32\Wbem;C:\Windows\System32\WindowsPowerShell\v1.0\;C:\Windows\System32\OpenSSH\;D:\Programmes\PuTTY\;C:\Program Files\Git\cmd;C:\Program Files\Git\;C:\Program Files\Java\jdk-11.0.6\bin;D:\Programmes\MinGW\bin;C:\WINDOWS\system32;C:\WINDOWS;C:\WINDOWS\System32\Wbem;C:\WINDOWS\System32\WindowsPowerShell\v1.0\;C:\WINDOWS\System32\OpenSSH\;C:\Program Files (x86)\NVIDIA Corporation\PhysX\Common;C:\Program Files (x86)\Yarn\bin\;C:\TDM-GCC-64\bin;C:\Program Files\dotnet\;C:\Program Files (x86)\sbt\bin;C:\Program Files\NVIDIA Corporation\NVIDIA NvDLISR;C:\ProgramData\chocolatey\bin;C:\Program Files\Cppcheck;;C:\WINDOWS\system32;C:\WINDOWS;C:\WINDOWS\System32\Wbem;C:\WINDOWS\System32\WindowsPowerShell\v1.0\;C:\WINDOWS\System32\OpenSSH\;C:\WINDOWS\system32\config\systemprofile\AppData\Local\Microsoft\WindowsApps;D:\Programmes\nodejs\;C:\Users\Jay_\AppData\Local\activestate\StateTool\release;C:\Users\Jay_\AppData\Local\activestate\StateTool\release;C:\Users\Jay_\AppData\Local\activestate\StateTool\release;C:\Users\Jay_\AppData\Local\activestate\StateTool\release;C:\Users\Jay_\AppData\Local\activestate\StateTool\release;C:\Users\Jay_\AppData\Local\activestate\StateTool\release;C:\Users\Jay_\AppData\Local\activestate\StateTool\release;C:\Users\Jay_\AppData\Local\activestate\StateTool\release;C:\Users\Jay_\AppData\Local\activestate\StateTool\release;C:\Users\Jay_\AppData\Local\activestate\StateTool\release;C:\Users\Jay_\AppData\Local\activestate\StateTool\release;C:\Users\Jay_\AppData\Local\activestate\cache\bin;C:\Users\Jay_\AppData\Local\ActiveState\StateTool\release;C:\Users\Jay_\AppData\Local\activestate\
USERNAME=Jay_
OS=Windows_NT
PROCESSOR_IDENTIFIER=Intel64 Family 6 Model 158 Stepping 9, GenuineIntel



---------------  S Y S T E M  ---------------

OS:
 Windows 10 , 64 bit Build 19041 (10.0.19041.1348)
OS uptime: 0 days 1:01 hours
Hyper-V role detected

CPU: total 8 (initial active 8) (4 cores per cpu, 2 threads per core) family 6 model 158 stepping 9 microcode 0xb4, cx8, cmov, fxsr, ht, mmx, 3dnowpref, sse, sse2, sse3, ssse3, sse4.1, sse4.2, popcnt, lzcnt, tsc, tscinvbit, avx, avx2, aes, erms, clmul, bmi1, bmi2, adx, fma, vzeroupper, clflush, clflushopt, hv

Memory: 4k page, system-wide physical 8149M (795M free)
TotalPageFile size 17877M (AvailPageFile size 5893M)
current process WorkingSet (physical memory assigned to process): 132M, peak: 180M
current process commit charge ("private bytes"): 171M, peak: 300M

vm_info: OpenJDK 64-Bit Server VM (16.0.1+9-24) for windows-amd64 JRE (16.0.1+9-24), built on Mar 26 2021 19:30:07 by "mach5one" with MS VC++ 16.7 (VS2019)

END.
