#
# A fatal error has been detected by the Java Runtime Environment:
#
#  EXCEPTION_ACCESS_VIOLATION (0xc0000005) at pc=0x00007ff83a809437, pid=6304, tid=1892
#
# JRE version: OpenJDK Runtime Environment (16.0.1+9) (build 16.0.1+9-24)
# Java VM: OpenJDK 64-Bit Server VM (16.0.1+9-24, mixed mode, sharing, tiered, compressed oops, compressed class ptrs, g1 gc, windows-amd64)
# Problematic frame:
# C  [SDL.dll+0x89437]
#
# No core dump will be written. Minidumps are not enabled by default on client versions of Windows
#
# If you would like to submit a bug report, please visit:
#   https://bugreport.java.com/bugreport/crash.jsp
# The crash happened outside the Java Virtual Machine in native code.
# See problematic frame for where to report the bug.
#

---------------  S U M M A R Y ------------

Command Line: -javaagent:C:\Program Files\JetBrains\IntelliJ IDEA Community Edition 2021.1.1\lib\idea_rt.jar=62035:C:\Program Files\JetBrains\IntelliJ IDEA Community Edition 2021.1.1\bin -Dfile.encoding=UTF-8 com.peacefulotter.ffserver.FFServer

Host: Intel(R) Core(TM) i7-7700HQ CPU @ 2.80GHz, 8 cores, 7G,  Windows 10 , 64 bit Build 19041 (10.0.19041.1348)
Time: Tue Jan 11 10:45:54 2022 Paris, Madrid elapsed time: 817.991564 seconds (0d 0h 13m 37s)

---------------  T H R E A D  ---------------

Current thread (0x00000252b9806950):  JavaThread "http-nio-8080-exec-4" daemon [_thread_in_native, id=1892, stack(0x0000008cbe600000,0x0000008cbe700000)]

Stack: [0x0000008cbe600000,0x0000008cbe700000],  sp=0x0000008cbe6fd360,  free space=1012k
Native frames: (J=compiled Java code, j=interpreted, Vv=VM code, C=native code)
C  [SDL.dll+0x89437]

Java frames: (J=compiled Java code, j=interpreted, Vv=VM code)
j  at.wisch.joystick.FFJoystick.newEffectNative(ILat/wisch/joystick/ffeffect/Effect;I)I+0
j  at.wisch.joystick.FFJoystick.newEffect(Lat/wisch/joystick/ffeffect/Effect;)Z+30
j  at.wisch.joystick.FFJoystick.playEffect(Lat/wisch/joystick/ffeffect/Effect;I)Z+12
j  com.peacefulotter.ffserver.control.FFControl.launchFF(Lcom/peacefulotter/ffserver/FFParams;)Z+13
j  com.peacefulotter.ffserver.FFServer.postParams(Lcom/peacefulotter/ffserver/FFParams;)Lcom/peacefulotter/ffserver/FFParams;+16
j  jdk.internal.reflect.GeneratedMethodAccessor26.invoke(Ljava/lang/Object;[Ljava/lang/Object;)Ljava/lang/Object;+40
J 2188 c1 jdk.internal.reflect.DelegatingMethodAccessorImpl.invoke(Ljava/lang/Object;[Ljava/lang/Object;)Ljava/lang/Object; java.base@16.0.1 (10 bytes) @ 0x000002529ec020cc [0x000002529ec01fc0+0x000000000000010c]
J 2224 c1 java.lang.reflect.Method.invoke(Ljava/lang/Object;[Ljava/lang/Object;)Ljava/lang/Object; java.base@16.0.1 (65 bytes) @ 0x000002529ec1b744 [0x000002529ec1b400+0x0000000000000344]
j  org.springframework.web.method.support.InvocableHandlerMethod.doInvoke([Ljava/lang/Object;)Ljava/lang/Object;+28
j  org.springframework.web.method.support.InvocableHandlerMethod.invokeForRequest(Lorg/springframework/web/context/request/NativeWebRequest;Lorg/springframework/web/method/support/ModelAndViewContainer;[Ljava/lang/Object;)Ljava/lang/Object;+54
j  org.springframework.web.servlet.mvc.method.annotation.ServletInvocableHandlerMethod.invokeAndHandle(Lorg/springframework/web/context/request/ServletWebRequest;Lorg/springframework/web/method/support/ModelAndViewContainer;[Ljava/lang/Object;)V+4
j  org.springframework.web.servlet.mvc.method.annotation.RequestMappingHandlerAdapter.invokeHandlerMethod(Ljavax/servlet/http/HttpServletRequest;Ljavax/servlet/http/HttpServletResponse;Lorg/springframework/web/method/HandlerMethod;)Lorg/springframework/web/servlet/ModelAndView;+244
j  org.springframework.web.servlet.mvc.method.annotation.RequestMappingHandlerAdapter.handleInternal(Ljavax/servlet/http/HttpServletRequest;Ljavax/servlet/http/HttpServletResponse;Lorg/springframework/web/method/HandlerMethod;)Lorg/springframework/web/servlet/ModelAndView;+81
j  org.springframework.web.servlet.mvc.method.AbstractHandlerMethodAdapter.handle(Ljavax/servlet/http/HttpServletRequest;Ljavax/servlet/http/HttpServletResponse;Ljava/lang/Object;)Lorg/springframework/web/servlet/ModelAndView;+7
j  org.springframework.web.servlet.DispatcherServlet.doDispatch(Ljavax/servlet/http/HttpServletRequest;Ljavax/servlet/http/HttpServletResponse;)V+259
j  org.springframework.web.servlet.DispatcherServlet.doService(Ljavax/servlet/http/HttpServletRequest;Ljavax/servlet/http/HttpServletResponse;)V+241
j  org.springframework.web.servlet.FrameworkServlet.processRequest(Ljavax/servlet/http/HttpServletRequest;Ljavax/servlet/http/HttpServletResponse;)V+71
j  org.springframework.web.servlet.FrameworkServlet.doPost(Ljavax/servlet/http/HttpServletRequest;Ljavax/servlet/http/HttpServletResponse;)V+3
j  javax.servlet.http.HttpServlet.service(Ljavax/servlet/http/HttpServletRequest;Ljavax/servlet/http/HttpServletResponse;)V+149
j  org.springframework.web.servlet.FrameworkServlet.service(Ljavax/servlet/http/HttpServletRequest;Ljavax/servlet/http/HttpServletResponse;)V+33
j  javax.servlet.http.HttpServlet.service(Ljavax/servlet/ServletRequest;Ljavax/servlet/ServletResponse;)V+36
j  org.apache.catalina.core.ApplicationFilterChain.internalDoFilter(Ljavax/servlet/ServletRequest;Ljavax/servlet/ServletResponse;)V+304
j  org.apache.catalina.core.ApplicationFilterChain.doFilter(Ljavax/servlet/ServletRequest;Ljavax/servlet/ServletResponse;)V+99
j  org.apache.tomcat.websocket.server.WsFilter.doFilter(Ljavax/servlet/ServletRequest;Ljavax/servlet/ServletResponse;Ljavax/servlet/FilterChain;)V+21
j  org.apache.catalina.core.ApplicationFilterChain.internalDoFilter(Ljavax/servlet/ServletRequest;Ljavax/servlet/ServletResponse;)V+135
j  org.apache.catalina.core.ApplicationFilterChain.doFilter(Ljavax/servlet/ServletRequest;Ljavax/servlet/ServletResponse;)V+99
j  org.springframework.web.filter.RequestContextFilter.doFilterInternal(Ljavax/servlet/http/HttpServletRequest;Ljavax/servlet/http/HttpServletResponse;Ljavax/servlet/FilterChain;)V+21
j  org.springframework.web.filter.OncePerRequestFilter.doFilter(Ljavax/servlet/ServletRequest;Ljavax/servlet/ServletResponse;Ljavax/servlet/FilterChain;)V+147
j  org.apache.catalina.core.ApplicationFilterChain.internalDoFilter(Ljavax/servlet/ServletRequest;Ljavax/servlet/ServletResponse;)V+135
j  org.apache.catalina.core.ApplicationFilterChain.doFilter(Ljavax/servlet/ServletRequest;Ljavax/servlet/ServletResponse;)V+99
j  org.springframework.web.filter.FormContentFilter.doFilterInternal(Ljavax/servlet/http/HttpServletRequest;Ljavax/servlet/http/HttpServletResponse;Ljavax/servlet/FilterChain;)V+38
j  org.springframework.web.filter.OncePerRequestFilter.doFilter(Ljavax/servlet/ServletRequest;Ljavax/servlet/ServletResponse;Ljavax/servlet/FilterChain;)V+147
j  org.apache.catalina.core.ApplicationFilterChain.internalDoFilter(Ljavax/servlet/ServletRequest;Ljavax/servlet/ServletResponse;)V+135
j  org.apache.catalina.core.ApplicationFilterChain.doFilter(Ljavax/servlet/ServletRequest;Ljavax/servlet/ServletResponse;)V+99
j  org.springframework.web.filter.CharacterEncodingFilter.doFilterInternal(Ljavax/servlet/http/HttpServletRequest;Ljavax/servlet/http/HttpServletResponse;Ljavax/servlet/FilterChain;)V+53
j  org.springframework.web.filter.OncePerRequestFilter.doFilter(Ljavax/servlet/ServletRequest;Ljavax/servlet/ServletResponse;Ljavax/servlet/FilterChain;)V+147
j  org.apache.catalina.core.ApplicationFilterChain.internalDoFilter(Ljavax/servlet/ServletRequest;Ljavax/servlet/ServletResponse;)V+135
j  org.apache.catalina.core.ApplicationFilterChain.doFilter(Ljavax/servlet/ServletRequest;Ljavax/servlet/ServletResponse;)V+99
j  org.apache.catalina.core.StandardWrapperValve.invoke(Lorg/apache/catalina/connector/Request;Lorg/apache/catalina/connector/Response;)V+694
j  org.apache.catalina.core.StandardContextValve.invoke(Lorg/apache/catalina/connector/Request;Lorg/apache/catalina/connector/Response;)V+169
j  org.apache.catalina.authenticator.AuthenticatorBase.invoke(Lorg/apache/catalina/connector/Request;Lorg/apache/catalina/connector/Response;)V+260
j  org.apache.catalina.core.StandardHostValve.invoke(Lorg/apache/catalina/connector/Request;Lorg/apache/catalina/connector/Response;)V+128
j  org.apache.catalina.valves.ErrorReportValve.invoke(Lorg/apache/catalina/connector/Request;Lorg/apache/catalina/connector/Response;)V+6
j  org.apache.catalina.core.StandardEngineValve.invoke(Lorg/apache/catalina/connector/Request;Lorg/apache/catalina/connector/Response;)V+59
j  org.apache.catalina.connector.CoyoteAdapter.service(Lorg/apache/coyote/Request;Lorg/apache/coyote/Response;)V+199
j  org.apache.coyote.http11.Http11Processor.service(Lorg/apache/tomcat/util/net/SocketWrapperBase;)Lorg/apache/tomcat/util/net/AbstractEndpoint$Handler$SocketState;+737
j  org.apache.coyote.AbstractProcessorLight.process(Lorg/apache/tomcat/util/net/SocketWrapperBase;Lorg/apache/tomcat/util/net/SocketEvent;)Lorg/apache/tomcat/util/net/AbstractEndpoint$Handler$SocketState;+170
j  org.apache.coyote.AbstractProtocol$ConnectionHandler.process(Lorg/apache/tomcat/util/net/SocketWrapperBase;Lorg/apache/tomcat/util/net/SocketEvent;)Lorg/apache/tomcat/util/net/AbstractEndpoint$Handler$SocketState;+505
j  org.apache.tomcat.util.net.NioEndpoint$SocketProcessor.doRun()V+216
j  org.apache.tomcat.util.net.SocketProcessorBase.run()V+21
j  org.apache.tomcat.util.threads.ThreadPoolExecutor.runWorker(Lorg/apache/tomcat/util/threads/ThreadPoolExecutor$Worker;)V+92
j  org.apache.tomcat.util.threads.ThreadPoolExecutor$Worker.run()V+5
j  org.apache.tomcat.util.threads.TaskThread$WrappingRunnable.run()V+4
j  java.lang.Thread.run()V+11 java.base@16.0.1
v  ~StubRoutines::call_stub

siginfo: EXCEPTION_ACCESS_VIOLATION (0xc0000005), reading address 0x0000000000000030


Register to memory mapping:

RIP=0x00007ff83a809437 SDL.dll
RAX=0x0000000000000006 is an unknown value
RBX=0x0 is NULL
RCX=0x0 is NULL
RDX=0x0000000000000001 is an unknown value
RSP=0x0000008cbe6fd360 is pointing into the stack for thread: 0x00000252b9806950
RBP=0x0000025296ab0ec0 points into unknown readable memory: 0x0000000000000000 | 00 00 00 00 00 00 00 00
RSI=0x00007ff83a81d3c8 SDL.dll
RDI=0x00000252b5b22c40 points into unknown readable memory: 0x00000201b5b20001 | 01 00 b2 b5 01 02 00 00
R8 =0x00007ff83a81cc80 SDL.dll
R9 =0x0000008cbe6fd360 is pointing into the stack for thread: 0x00000252b9806950
R10=0x0000000000000001 is an unknown value
R11=0x0000000000000017 is an unknown value
R12=0x0 is NULL
R13=0x00000252b500dbe0 is pointing into metadata
R14=0x0000008cbe6fd4e0 is pointing into the stack for thread: 0x00000252b9806950
R15=0x00000252b9806950 is a thread


Registers:
RAX=0x0000000000000006, RBX=0x0000000000000000, RCX=0x0000000000000000, RDX=0x0000000000000001
RSP=0x0000008cbe6fd360, RBP=0x0000025296ab0ec0, RSI=0x00007ff83a81d3c8, RDI=0x00000252b5b22c40
R8 =0x00007ff83a81cc80, R9 =0x0000008cbe6fd360, R10=0x0000000000000001, R11=0x0000000000000017
R12=0x0000000000000000, R13=0x00000252b500dbe0, R14=0x0000008cbe6fd4e0, R15=0x00000252b9806950
RIP=0x00007ff83a809437, EFLAGS=0x0000000000010206

Top of Stack: (sp=0x0000008cbe6fd360)
0x0000008cbe6fd360:   00007ff83a8351b0 0000000000000001
0x0000008cbe6fd370:   00000252b5b22c40 00007ff83a81d3c8
0x0000008cbe6fd380:   00000252b5b22c40 00007ff83a80969b
0x0000008cbe6fd390:   0000025296ab1c80 0000025296ab0ec0
0x0000008cbe6fd3a0:   00007ff83a81d3c8 0000000000000001
0x0000008cbe6fd3b0:   0000000000000000 00000252b6695770
0x0000008cbe6fd3c0:   0000025296ab0ec0 00007ff83a7f6bf5
0x0000008cbe6fd3d0:   000000000000002a 0000000000000d20
0x0000008cbe6fd3e0:   00000252b5b22c40 00000252b9806c60
0x0000008cbe6fd3f0:   00000252b5b22c40 00007ff83a853209
0x0000008cbe6fd400:   0000000000000000 0000008cbe6fd4b0
0x0000008cbe6fd410:   00000252b9806c60 0000008c00000000
0x0000008cbe6fd420:   00000252b4f96d60 000002529e26dd22
0x0000008cbe6fd430:   00000252b500dbe8 0000000800039b48
0x0000008cbe6fd440:   0000000080a49778 00000252b500f810
0x0000008cbe6fd450:   00000000000013ec 0000008cbe6fd470 

Instructions: (pc=0x00007ff83a809437)
0x00007ff83a809337:   00 01 80 69 c9 10 27 00 00 f7 e9 03 d1 c1 fa 0e
0x00007ff83a809347:   8b c2 c1 e8 1f 03 d0 41 89 51 0c 41 ff c3 49 83
0x00007ff83a809357:   c0 02 49 83 c1 18 44 3b 5e 1c 0f 8c d9 fe ff ff
0x00007ff83a809367:   8b 46 1c 4c 89 66 40 8d 0c 40 c1 e1 03 89 4e 38
0x00007ff83a809377:   8b 47 14 69 c0 e8 03 00 00 89 46 08 0f b7 4f 1a
0x00007ff83a809387:   e8 54 f6 ff ff 44 8b 46 1c 48 8d 57 04 89 46 14
0x00007ff83a809397:   0f b7 47 1c 48 8b ce 89 46 18 0f b7 47 18 69 c0
0x00007ff83a8093a7:   e8 03 00 00 89 46 48 e8 3d f6 ff ff 85 c0 0f 88
0x00007ff83a8093b7:   52 fe ff ff 48 8b 4e 30 e8 5c 20 ff ff 4c 89 76
0x00007ff83a8093c7:   30 33 c0 4c 8b 6c 24 40 48 8b 5c 24 48 48 8b 6c
0x00007ff83a8093d7:   24 50 48 8b 74 24 58 48 83 c4 20 41 5e 41 5c 5f
0x00007ff83a8093e7:   c3 f1 8b 08 00 27 8d 08 00 36 90 08 00 00 01 02
0x00007ff83a8093f7:   01 02 02 02 01 02 02 02 02 02 02 02 01 02 02 02
0x00007ff83a809407:   02 02 02 02 02 02 02 02 02 02 02 02 01 cc cc cc
0x00007ff83a809417:   cc cc cc cc cc cc cc cc cc 48 89 5c 24 08 48 89
0x00007ff83a809427:   6c 24 10 48 89 74 24 18 57 48 83 ec 20 48 8b d9
0x00007ff83a809437:   48 8b 49 30 33 ed 8b f2 48 85 c9 74 09 e8 d7 1f
0x00007ff83a809447:   ff ff 48 89 6b 30 48 8b 4b 20 48 85 c9 74 09 e8
0x00007ff83a809457:   c5 1f ff ff 48 89 6b 20 48 8b 7b 40 48 85 ff 74
0x00007ff83a809467:   22 81 fe 00 08 00 00 75 0d 48 8b 4f 10 e8 a7 1f
0x00007ff83a809477:   ff ff 48 89 6f 10 48 8b 4b 40 e8 9a 1f ff ff 48
0x00007ff83a809487:   89 6b 40 48 8b 4b 28 48 85 c9 74 09 e8 88 1f ff
0x00007ff83a809497:   ff 48 89 6b 28 48 8b 5c 24 30 48 8b 6c 24 38 48
0x00007ff83a8094a7:   8b 74 24 40 48 83 c4 20 5f c3 cc cc cc cc cc cc
0x00007ff83a8094b7:   cc cc cc cc cc cc cc cc cc 48 83 ec 28 0f b7 01
0x00007ff83a8094c7:   83 f8 40 7f 7e 74 70 ff c8 83 f8 1f 0f 87 94 00
0x00007ff83a8094d7:   00 00 48 8d 15 20 6b f7 ff 48 98 0f b6 84 02 d8
0x00007ff83a8094e7:   95 08 00 8b 8c 82 bc 95 08 00 48 03 ca ff e1 48
0x00007ff83a8094f7:   8d 05 cb 3e 01 00 48 83 c4 28 c3 48 8d 05 df 3e
0x00007ff83a809507:   01 00 48 83 c4 28 c3 48 8d 05 e3 3e 01 00 48 83
0x00007ff83a809517:   c4 28 c3 48 8d 05 e7 3e 01 00 48 83 c4 28 c3 48
0x00007ff83a809527:   8d 05 eb 3e 01 00 48 83 c4 28 c3 48 8d 05 ef 3e 


Stack slot to memory mapping:
stack at sp + 0 slots: 0x00007ff83a8351b0 SDL.dll
stack at sp + 1 slots: 0x0000000000000001 is an unknown value
stack at sp + 2 slots: 0x00000252b5b22c40 points into unknown readable memory: 0x00000201b5b20001 | 01 00 b2 b5 01 02 00 00
stack at sp + 3 slots: 0x00007ff83a81d3c8 SDL.dll
stack at sp + 4 slots: 0x00000252b5b22c40 points into unknown readable memory: 0x00000201b5b20001 | 01 00 b2 b5 01 02 00 00
stack at sp + 5 slots: 0x00007ff83a80969b SDL.dll
stack at sp + 6 slots: 0x0000025296ab1c80 points into unknown readable memory: 0x0000000000000000 | 00 00 00 00 00 00 00 00
stack at sp + 7 slots: 0x0000025296ab0ec0 points into unknown readable memory: 0x0000000000000000 | 00 00 00 00 00 00 00 00


---------------  P R O C E S S  ---------------

Threads class SMR info:
_java_thread_list=0x00000252b7fa5200, length=28, elements={
0x00000252b4b2e520, 0x00000252b4b2fb80, 0x00000252b4b3ec80, 0x00000252b4b3f790,
0x00000252b4b42a40, 0x00000252b4b470e0, 0x00000252b4b485b0, 0x00000252b4b4b7a0,
0x00000252b4bb44d0, 0x00000252b4b0ec10, 0x00000252b581aee0, 0x00000252b581c060,
0x00000252b911e040, 0x00000252ba689da0, 0x00000252ba806040, 0x00000252baa6cb60,
0x00000252b98073f0, 0x00000252b9806400, 0x00000252b9804ec0, 0x00000252b9804970,
0x00000252b9805410, 0x00000252b9806950, 0x00000252b9807940, 0x00000252b9805960,
0x00000252b9805eb0, 0x00000252b9804420, 0x00000252b9806ea0, 0x00000252b780d210
}

Java Threads: ( => current thread )
  0x00000252b4b2e520 JavaThread "Reference Handler" daemon [_thread_blocked, id=7532, stack(0x0000008cbcc00000,0x0000008cbcd00000)]
  0x00000252b4b2fb80 JavaThread "Finalizer" daemon [_thread_blocked, id=15584, stack(0x0000008cbcd00000,0x0000008cbce00000)]
  0x00000252b4b3ec80 JavaThread "Signal Dispatcher" daemon [_thread_blocked, id=9156, stack(0x0000008cbce00000,0x0000008cbcf00000)]
  0x00000252b4b3f790 JavaThread "Attach Listener" daemon [_thread_blocked, id=15828, stack(0x0000008cbcf00000,0x0000008cbd000000)]
  0x00000252b4b42a40 JavaThread "Service Thread" daemon [_thread_blocked, id=14596, stack(0x0000008cbd000000,0x0000008cbd100000)]
  0x00000252b4b470e0 JavaThread "Monitor Deflation Thread" daemon [_thread_blocked, id=13720, stack(0x0000008cbd100000,0x0000008cbd200000)]
  0x00000252b4b485b0 JavaThread "C2 CompilerThread0" daemon [_thread_blocked, id=15504, stack(0x0000008cbd200000,0x0000008cbd300000)]
  0x00000252b4b4b7a0 JavaThread "C1 CompilerThread0" daemon [_thread_blocked, id=1584, stack(0x0000008cbd300000,0x0000008cbd400000)]
  0x00000252b4bb44d0 JavaThread "Sweeper thread" daemon [_thread_blocked, id=15652, stack(0x0000008cbd400000,0x0000008cbd500000)]
  0x00000252b4b0ec10 JavaThread "Common-Cleaner" daemon [_thread_blocked, id=4456, stack(0x0000008cbd500000,0x0000008cbd600000)]
  0x00000252b581aee0 JavaThread "Monitor Ctrl-Break" daemon [_thread_in_native, id=7392, stack(0x0000008cbd700000,0x0000008cbd800000)]
  0x00000252b581c060 JavaThread "Notification Thread" daemon [_thread_blocked, id=16108, stack(0x0000008cbd800000,0x0000008cbd900000)]
  0x00000252b911e040 JavaThread "Catalina-utility-1" [_thread_blocked, id=2288, stack(0x0000008cbe800000,0x0000008cbe900000)]
  0x00000252ba689da0 JavaThread "Catalina-utility-2" [_thread_blocked, id=16048, stack(0x0000008cbe900000,0x0000008cbea00000)]
  0x00000252ba806040 JavaThread "container-0" [_thread_blocked, id=7332, stack(0x0000008cbea00000,0x0000008cbeb00000)]
  0x00000252baa6cb60 JavaThread "http-nio-8080-Poller" daemon [_thread_in_native, id=10148, stack(0x0000008cbeb00000,0x0000008cbec00000)]
  0x00000252b98073f0 JavaThread "http-nio-8080-Acceptor" daemon [_thread_in_native, id=2212, stack(0x0000008cbec00000,0x0000008cbed00000)]
  0x00000252b9806400 JavaThread "DestroyJavaVM" [_thread_blocked, id=11944, stack(0x0000008cbc500000,0x0000008cbc600000)]
  0x00000252b9804ec0 JavaThread "http-nio-8080-exec-1" daemon [_thread_blocked, id=15848, stack(0x0000008cbc200000,0x0000008cbc300000)]
  0x00000252b9804970 JavaThread "http-nio-8080-exec-2" daemon [_thread_blocked, id=6160, stack(0x0000008cbc300000,0x0000008cbc400000)]
  0x00000252b9805410 JavaThread "http-nio-8080-exec-3" daemon [_thread_blocked, id=6400, stack(0x0000008cbc400000,0x0000008cbc500000)]
=>0x00000252b9806950 JavaThread "http-nio-8080-exec-4" daemon [_thread_in_native, id=1892, stack(0x0000008cbe600000,0x0000008cbe700000)]
  0x00000252b9807940 JavaThread "http-nio-8080-exec-5" daemon [_thread_blocked, id=5432, stack(0x0000008cbed00000,0x0000008cbee00000)]
  0x00000252b9805960 JavaThread "http-nio-8080-exec-6" daemon [_thread_blocked, id=14748, stack(0x0000008cbee00000,0x0000008cbef00000)]
  0x00000252b9805eb0 JavaThread "http-nio-8080-exec-7" daemon [_thread_blocked, id=15192, stack(0x0000008cbef00000,0x0000008cbf000000)]
  0x00000252b9804420 JavaThread "http-nio-8080-exec-8" daemon [_thread_blocked, id=5844, stack(0x0000008cbf000000,0x0000008cbf100000)]
  0x00000252b9806ea0 JavaThread "http-nio-8080-exec-9" daemon [_thread_blocked, id=12940, stack(0x0000008cbf100000,0x0000008cbf200000)]
  0x00000252b780d210 JavaThread "http-nio-8080-exec-10" daemon [_thread_blocked, id=7828, stack(0x0000008cbf200000,0x0000008cbf300000)]

Other Threads:
  0x00000252b4b2a130 VMThread "VM Thread" [stack: 0x0000008cbcb00000,0x0000008cbcc00000] [id=7040]
  0x00000252b57e4e90 WatcherThread [stack: 0x0000008cbd900000,0x0000008cbda00000] [id=7444]
  0x0000025296b3d2b0 GCTaskThread "GC Thread#0" [stack: 0x0000008cbc600000,0x0000008cbc700000] [id=4716]
  0x00000252b6a1d770 GCTaskThread "GC Thread#1" [stack: 0x0000008cbde00000,0x0000008cbdf00000] [id=6772]
  0x00000252b6a1da80 GCTaskThread "GC Thread#2" [stack: 0x0000008cbdf00000,0x0000008cbe000000] [id=6844]
  0x00000252b6be53b0 GCTaskThread "GC Thread#3" [stack: 0x0000008cbe000000,0x0000008cbe100000] [id=15576]
  0x00000252b6becf60 GCTaskThread "GC Thread#4" [stack: 0x0000008cbe100000,0x0000008cbe200000] [id=15236]
  0x00000252b6be0370 GCTaskThread "GC Thread#5" [stack: 0x0000008cbe200000,0x0000008cbe300000] [id=10468]
  0x00000252b6bf8b90 GCTaskThread "GC Thread#6" [stack: 0x0000008cbe300000,0x0000008cbe400000] [id=14564]
  0x00000252b6bf8ea0 GCTaskThread "GC Thread#7" [stack: 0x0000008cbe400000,0x0000008cbe500000] [id=12384]
  0x0000025296b4e1b0 ConcurrentGCThread "G1 Main Marker" [stack: 0x0000008cbc700000,0x0000008cbc800000] [id=4788]
  0x0000025296b4f3c0 ConcurrentGCThread "G1 Conc#0" [stack: 0x0000008cbc800000,0x0000008cbc900000] [id=4244]
  0x00000252b7552060 ConcurrentGCThread "G1 Conc#1" [stack: 0x0000008cbe700000,0x0000008cbe800000] [id=14116]
  0x00000252b49e0090 ConcurrentGCThread "G1 Refine#0" [stack: 0x0000008cbc900000,0x0000008cbca00000] [id=6472]
  0x00000252b67d2550 ConcurrentGCThread "G1 Refine#1" [stack: 0x0000008cbe500000,0x0000008cbe600000] [id=13988]
  0x00000252b49e0b10 ConcurrentGCThread "G1 Service" [stack: 0x0000008cbca00000,0x0000008cbcb00000] [id=5816]

Threads with active compile tasks:

VM state: not at safepoint (normal execution)

VM Mutex/Monitor currently owned by a thread: None

Heap address: 0x0000000080a00000, size: 2038 MB, Compressed Oops mode: 32-bit

CDS archive(s) mapped at: [0x0000000800000000-0x0000000800bb0000-0x0000000800bb0000), size 12255232, SharedBaseAddress: 0x0000000800000000, ArchiveRelocationMode: 0.
Compressed class space mapped at: 0x0000000800c00000-0x0000000840c00000, reserved size: 1073741824
Narrow klass base: 0x0000000800000000, Narrow klass shift: 3, Narrow klass range: 0x100000000

GC Precious Log:
 CPUs: 8 total, 8 available
 Memory: 8149M
 Large Page Support: Disabled
 NUMA Support: Disabled
 Compressed Oops: Enabled (32-bit)
 Heap Region Size: 1M
 Heap Min Capacity: 8M
 Heap Initial Capacity: 128M
 Heap Max Capacity: 2038M
 Pre-touch: Disabled
 Parallel Workers: 8
 Concurrent Workers: 2
 Concurrent Refinement Workers: 8
 Periodic GC: Disabled

Heap:
 garbage-first heap   total 37888K, used 20185K [0x0000000080a00000, 0x0000000100000000)
  region size 1024K, 12 young (12288K), 3 survivors (3072K)
 Metaspace       used 29967K, committed 30272K, reserved 1081344K
  class space    used 3626K, committed 3776K, reserved 1048576K

Heap Regions: E=young(eden), S=young(survivor), O=old, HS=humongous(starts), HC=humongous(continues), CS=collection set, F=free, OA=open archive, CA=closed archive, TAMS=top-at-mark-start (previous, next)
|   0|0x0000000080a00000, 0x0000000080b00000, 0x0000000080b00000|100%| O|  |TAMS 0x0000000080b00000, 0x0000000080a00000| Untracked 
|   1|0x0000000080b00000, 0x0000000080c00000, 0x0000000080c00000|100%| O|  |TAMS 0x0000000080c00000, 0x0000000080b00000| Untracked 
|   2|0x0000000080c00000, 0x0000000080d00000, 0x0000000080d00000|100%| O|  |TAMS 0x0000000080d00000, 0x0000000080c00000| Untracked 
|   3|0x0000000080d00000, 0x0000000080e00000, 0x0000000080e00000|100%| O|  |TAMS 0x0000000080e00000, 0x0000000080d00000| Untracked 
|   4|0x0000000080e00000, 0x0000000080ef8000, 0x0000000080f00000| 96%| O|  |TAMS 0x0000000080ef8000, 0x0000000080e00000| Untracked 
|   5|0x0000000080f00000, 0x0000000081000000, 0x0000000081000000|100%| O|  |TAMS 0x0000000080f00000, 0x0000000080f00000| Untracked 
|   6|0x0000000081000000, 0x0000000081100000, 0x0000000081100000|100%| O|  |TAMS 0x0000000081000000, 0x0000000081000000| Untracked 
|   7|0x0000000081100000, 0x0000000081200000, 0x0000000081200000|100%| O|  |TAMS 0x0000000081100000, 0x0000000081100000| Untracked 
|   8|0x0000000081200000, 0x0000000081300000, 0x0000000081300000|100%| O|  |TAMS 0x0000000081200000, 0x0000000081200000| Untracked 
|   9|0x0000000081300000, 0x00000000813be600, 0x0000000081400000| 74%| O|  |TAMS 0x0000000081300000, 0x0000000081300000| Untracked 
|  10|0x0000000081400000, 0x0000000081400000, 0x0000000081500000|  0%| F|  |TAMS 0x0000000081400000, 0x0000000081400000| Untracked 
|  11|0x0000000081500000, 0x0000000081500000, 0x0000000081600000|  0%| F|  |TAMS 0x0000000081500000, 0x0000000081500000| Untracked 
|  12|0x0000000081600000, 0x0000000081600000, 0x0000000081700000|  0%| F|  |TAMS 0x0000000081600000, 0x0000000081600000| Untracked 
|  13|0x0000000081700000, 0x0000000081700000, 0x0000000081800000|  0%| F|  |TAMS 0x0000000081700000, 0x0000000081700000| Untracked 
|  14|0x0000000081800000, 0x0000000081800000, 0x0000000081900000|  0%| F|  |TAMS 0x0000000081800000, 0x0000000081800000| Untracked 
|  15|0x0000000081900000, 0x0000000081900000, 0x0000000081a00000|  0%| F|  |TAMS 0x0000000081900000, 0x0000000081900000| Untracked 
|  16|0x0000000081a00000, 0x0000000081a00000, 0x0000000081b00000|  0%| F|  |TAMS 0x0000000081a00000, 0x0000000081a00000| Untracked 
|  17|0x0000000081b00000, 0x0000000081b00000, 0x0000000081c00000|  0%| F|  |TAMS 0x0000000081b00000, 0x0000000081b00000| Untracked 
|  18|0x0000000081c00000, 0x0000000081c00000, 0x0000000081d00000|  0%| F|  |TAMS 0x0000000081c00000, 0x0000000081c00000| Untracked 
|  19|0x0000000081d00000, 0x0000000081e00000, 0x0000000081e00000|100%| S|CS|TAMS 0x0000000081d00000, 0x0000000081d00000| Complete 
|  20|0x0000000081e00000, 0x0000000081f00000, 0x0000000081f00000|100%| S|CS|TAMS 0x0000000081e00000, 0x0000000081e00000| Complete 
|  21|0x0000000081f00000, 0x0000000082000000, 0x0000000082000000|100%| S|CS|TAMS 0x0000000081f00000, 0x0000000081f00000| Complete 
|  22|0x0000000082000000, 0x0000000082000000, 0x0000000082100000|  0%| F|  |TAMS 0x0000000082000000, 0x0000000082000000| Untracked 
|  23|0x0000000082100000, 0x0000000082100000, 0x0000000082200000|  0%| F|  |TAMS 0x0000000082100000, 0x0000000082100000| Untracked 
|  24|0x0000000082200000, 0x0000000082200000, 0x0000000082300000|  0%| F|  |TAMS 0x0000000082200000, 0x0000000082200000| Untracked 
|  25|0x0000000082300000, 0x0000000082300000, 0x0000000082400000|  0%| F|  |TAMS 0x0000000082300000, 0x0000000082300000| Untracked 
|  26|0x0000000082400000, 0x0000000082400000, 0x0000000082500000|  0%| F|  |TAMS 0x0000000082400000, 0x0000000082400000| Untracked 
|  27|0x0000000082500000, 0x0000000082500000, 0x0000000082600000|  0%| F|  |TAMS 0x0000000082500000, 0x0000000082500000| Untracked 
|  28|0x0000000082600000, 0x00000000826cce98, 0x0000000082700000| 80%| E|  |TAMS 0x0000000082600000, 0x0000000082600000| Complete 
|  29|0x0000000082700000, 0x0000000082800000, 0x0000000082800000|100%| E|CS|TAMS 0x0000000082700000, 0x0000000082700000| Complete 
|  30|0x0000000082800000, 0x0000000082900000, 0x0000000082900000|100%| E|CS|TAMS 0x0000000082800000, 0x0000000082800000| Complete 
|  78|0x0000000085800000, 0x0000000085900000, 0x0000000085900000|100%| E|CS|TAMS 0x0000000085800000, 0x0000000085800000| Complete 
|  79|0x0000000085900000, 0x0000000085a00000, 0x0000000085a00000|100%| E|CS|TAMS 0x0000000085900000, 0x0000000085900000| Complete 
|  80|0x0000000085a00000, 0x0000000085b00000, 0x0000000085b00000|100%| E|CS|TAMS 0x0000000085a00000, 0x0000000085a00000| Complete 
|  81|0x0000000085b00000, 0x0000000085c00000, 0x0000000085c00000|100%| E|CS|TAMS 0x0000000085b00000, 0x0000000085b00000| Complete 
|  82|0x0000000085c00000, 0x0000000085d00000, 0x0000000085d00000|100%| E|  |TAMS 0x0000000085c00000, 0x0000000085c00000| Complete 
| 127|0x0000000088900000, 0x0000000088a00000, 0x0000000088a00000|100%| E|CS|TAMS 0x0000000088900000, 0x0000000088900000| Complete 

Card table byte_map: [0x00000252ad990000,0x00000252add90000] _byte_map_base: 0x00000252ad58b000

Marking Bits (Prev, Next): (CMBitMap*) 0x0000025296b3d960, (CMBitMap*) 0x0000025296b3d920
 Prev Bits: [0x00000252b0170000, 0x00000252b2148000)
 Next Bits: [0x00000252ae190000, 0x00000252b0168000)

Polling page: 0x0000025294a50000

Metaspace:

Usage:
  Non-class:     25.72 MB used.
      Class:      3.54 MB used.
       Both:     29.27 MB used.

Virtual space:
  Non-class space:       32.00 MB reserved,      25.88 MB ( 81%) committed,  4 nodes.
      Class space:        1.00 GB reserved,       3.69 MB ( <1%) committed,  1 nodes.
              Both:        1.03 GB reserved,      29.56 MB (  3%) committed. 

Chunk freelists:
   Non-Class:  1.75 MB
       Class:  280.00 KB
        Both:  2.02 MB

MaxMetaspaceSize: 17179869184.00 GB
CompressedClassSpaceSize: 1.00 GB
 - commit_granule_bytes: 65536.
 - commit_granule_words: 8192.
 - virtual_space_node_default_size: 1048576.
 - enlarge_chunks_in_place: 1.
 - new_chunks_are_fully_committed: 0.
 - uncommit_free_chunks: 1.
 - use_allocation_guard: 0.
 - handle_deallocations: 1.


Internal statistics:

num_allocs_failed_limit: 3.
num_arena_births: 396.
num_arena_deaths: 0.
num_vsnodes_births: 5.
num_vsnodes_deaths: 0.
num_space_committed: 473.
num_space_uncommitted: 0.
num_chunks_returned_to_freelist: 3.
num_chunks_taken_from_freelist: 1443.
num_chunk_merges: 0.
num_chunk_splits: 973.
num_chunks_enlarged: 721.
num_purges: 0.

CodeHeap 'non-profiled nmethods': size=120000Kb used=2179Kb max_used=2179Kb free=117820Kb
 bounds [0x00000252a5d30000, 0x00000252a5fa0000, 0x00000252ad260000]
CodeHeap 'profiled nmethods': size=120000Kb used=8147Kb max_used=8147Kb free=111852Kb
 bounds [0x000002529e800000, 0x000002529f000000, 0x00000252a5d30000]
CodeHeap 'non-nmethods': size=5760Kb used=1248Kb max_used=1322Kb free=4511Kb
 bounds [0x000002529e260000, 0x000002529e4d0000, 0x000002529e800000]
 total_blobs=4537 nmethods=3986 adapters=463
 compilation: enabled
              stopped_count=0, restarted_count=0
 full_count=0

Compilation events (20 events):
Event: 817.711 Thread 0x00000252b4b4b7a0 3981       1       org.apache.coyote.Request::getBytesRead (5 bytes)
Event: 817.711 Thread 0x00000252b4b4b7a0 nmethod 3981 0x00000252a5f50010 code [0x00000252a5f501a0, 0x00000252a5f50278]
Event: 817.711 Thread 0x00000252b4b4b7a0 3982       3       org.springframework.http.server.ServletServerHttpResponse$ServletResponseHttpHeaders::getFirst (65 bytes)
Event: 817.712 Thread 0x00000252b4b4b7a0 nmethod 3982 0x000002529efef610 code [0x000002529efef840, 0x000002529eff0128]
Event: 817.712 Thread 0x00000252b4b4b7a0 3983       3       org.springframework.http.server.ServletServerHttpResponse::getHeaders (40 bytes)
Event: 817.712 Thread 0x00000252b4b4b7a0 nmethod 3983 0x000002529eff0390 code [0x000002529eff05c0, 0x000002529eff0e98]
Event: 817.712 Thread 0x00000252b4b4b7a0 3984       1       org.apache.catalina.connector.OutputBuffer::isSuspended (5 bytes)
Event: 817.712 Thread 0x00000252b4b4b7a0 nmethod 3984 0x00000252a5f50310 code [0x00000252a5f504a0, 0x00000252a5f50578]
Event: 817.739 Thread 0x00000252b4b4b7a0 3985       1       org.apache.catalina.core.StandardContext::getThreadBindingListener (5 bytes)
Event: 817.739 Thread 0x00000252b4b4b7a0 nmethod 3985 0x00000252a5f50610 code [0x00000252a5f507a0, 0x00000252a5f50878]
Event: 817.739 Thread 0x00000252b4b4b7a0 3986   !   3       java.util.Map::forEach (81 bytes)
Event: 817.740 Thread 0x00000252b4b4b7a0 nmethod 3986 0x000002529eff1110 code [0x000002529eff1380, 0x000002529eff1e68]
Event: 817.740 Thread 0x00000252b4b485b0 3987       4       java.nio.HeapByteBuffer::put (16 bytes)
Event: 817.741 Thread 0x00000252b4b4b7a0 3988   !   3       java.util.concurrent.ConcurrentHashMap::clear (176 bytes)
Event: 817.741 Thread 0x00000252b4b485b0 nmethod 3987 0x00000252a5f50910 code [0x00000252a5f50aa0, 0x00000252a5f50b98]
Event: 817.741 Thread 0x00000252b4b4b7a0 nmethod 3988 0x000002529eff2210 code [0x000002529eff2460, 0x000002529eff2e68]
Event: 817.970 Thread 0x00000252b4b4b7a0 3989   !   3       java.nio.CharBuffer::wrap (20 bytes)
Event: 817.971 Thread 0x00000252b4b4b7a0 nmethod 3989 0x000002529eff3310 code [0x000002529eff34e0, 0x000002529eff3778]
Event: 817.971 Thread 0x00000252b4b4b7a0 3990       3       java.nio.charset.CharsetEncoder::encode (136 bytes)
Event: 817.972 Thread 0x00000252b4b4b7a0 nmethod 3990 0x000002529eff3910 code [0x000002529eff3bc0, 0x000002529eff4998]

GC Heap History (10 events):
Event: 1.481 GC heap before
{Heap before GC invocations=0 (full 0):
 garbage-first heap   total 131072K, used 22528K [0x0000000080a00000, 0x0000000100000000)
  region size 1024K, 23 young (23552K), 0 survivors (0K)
 Metaspace       used 6561K, committed 6720K, reserved 1056768K
  class space    used 752K, committed 832K, reserved 1048576K
}
Event: 1.488 GC heap after
{Heap after GC invocations=1 (full 0):
 garbage-first heap   total 131072K, used 4973K [0x0000000080a00000, 0x0000000100000000)
  region size 1024K, 3 young (3072K), 3 survivors (3072K)
 Metaspace       used 6561K, committed 6720K, reserved 1056768K
  class space    used 752K, committed 832K, reserved 1048576K
}
Event: 1.895 GC heap before
{Heap before GC invocations=1 (full 0):
 garbage-first heap   total 131072K, used 29549K [0x0000000080a00000, 0x0000000100000000)
  region size 1024K, 27 young (27648K), 3 survivors (3072K)
 Metaspace       used 12888K, committed 13120K, reserved 1064960K
  class space    used 1537K, committed 1664K, reserved 1048576K
}
Event: 1.900 GC heap after
{Heap after GC invocations=2 (full 0):
 garbage-first heap   total 131072K, used 6642K [0x0000000080a00000, 0x0000000100000000)
  region size 1024K, 2 young (2048K), 2 survivors (2048K)
 Metaspace       used 12888K, committed 13120K, reserved 1064960K
  class space    used 1537K, committed 1664K, reserved 1048576K
}
Event: 3.026 GC heap before
{Heap before GC invocations=2 (full 0):
 garbage-first heap   total 131072K, used 49650K [0x0000000080a00000, 0x0000000100000000)
  region size 1024K, 45 young (46080K), 2 survivors (2048K)
 Metaspace       used 20919K, committed 21248K, reserved 1073152K
  class space    used 2577K, committed 2752K, reserved 1048576K
}
Event: 3.035 GC heap after
{Heap after GC invocations=3 (full 0):
 garbage-first heap   total 131072K, used 9528K [0x0000000080a00000, 0x0000000100000000)
  region size 1024K, 5 young (5120K), 5 survivors (5120K)
 Metaspace       used 20919K, committed 21248K, reserved 1073152K
  class space    used 2577K, committed 2752K, reserved 1048576K
}
Event: 3.560 GC heap before
{Heap before GC invocations=4 (full 0):
 garbage-first heap   total 37888K, used 26936K [0x0000000080a00000, 0x0000000100000000)
  region size 1024K, 22 young (22528K), 5 survivors (5120K)
 Metaspace       used 24218K, committed 24512K, reserved 1073152K
  class space    used 2948K, committed 3072K, reserved 1048576K
}
Event: 3.565 GC heap after
{Heap after GC invocations=5 (full 0):
 garbage-first heap   total 37888K, used 11299K [0x0000000080a00000, 0x0000000100000000)
  region size 1024K, 2 young (2048K), 2 survivors (2048K)
 Metaspace       used 24218K, committed 24512K, reserved 1073152K
  class space    used 2948K, committed 3072K, reserved 1048576K
}
Event: 70.360 GC heap before
{Heap before GC invocations=5 (full 0):
 garbage-first heap   total 37888K, used 26659K [0x0000000080a00000, 0x0000000100000000)
  region size 1024K, 17 young (17408K), 2 survivors (2048K)
 Metaspace       used 27753K, committed 28032K, reserved 1081344K
  class space    used 3385K, committed 3520K, reserved 1048576K
}
Event: 70.365 GC heap after
{Heap after GC invocations=6 (full 0):
 garbage-first heap   total 37888K, used 13017K [0x0000000080a00000, 0x0000000100000000)
  region size 1024K, 3 young (3072K), 3 survivors (3072K)
 Metaspace       used 27753K, committed 28032K, reserved 1081344K
  class space    used 3385K, committed 3520K, reserved 1048576K
}

Deoptimization events (20 events):
Event: 3.893 Thread 0x0000025296b01da0 Uncommon trap: trap_request=0xffffffc6 fr.pc=0x00000252a5e9220c relative=0x000000000000100c
Event: 3.893 Thread 0x0000025296b01da0 Uncommon trap: reason=bimorphic_or_optimized_type_check action=maybe_recompile pc=0x00000252a5e9220c method=java.util.HashMap.putVal(ILjava/lang/Object;Ljava/lang/Object;ZZ)Ljava/lang/Object; @ 203 c2
Event: 3.893 Thread 0x0000025296b01da0 DEOPT PACKING pc=0x00000252a5e9220c sp=0x0000008cbc5fba00
Event: 3.893 Thread 0x0000025296b01da0 DEOPT UNPACKING pc=0x000002529e2ad72e sp=0x0000008cbc5fb990 mode 2
Event: 3.894 Thread 0x0000025296b01da0 Uncommon trap: trap_request=0xffffffc6 fr.pc=0x00000252a5e9220c relative=0x000000000000100c
Event: 3.894 Thread 0x0000025296b01da0 Uncommon trap: reason=bimorphic_or_optimized_type_check action=maybe_recompile pc=0x00000252a5e9220c method=java.util.HashMap.putVal(ILjava/lang/Object;Ljava/lang/Object;ZZ)Ljava/lang/Object; @ 203 c2
Event: 3.894 Thread 0x0000025296b01da0 DEOPT PACKING pc=0x00000252a5e9220c sp=0x0000008cbc5fba00
Event: 3.894 Thread 0x0000025296b01da0 DEOPT UNPACKING pc=0x000002529e2ad72e sp=0x0000008cbc5fb990 mode 2
Event: 3.931 Thread 0x0000025296b01da0 Uncommon trap: trap_request=0xffffff45 fr.pc=0x00000252a5db1d00 relative=0x0000000000000060
Event: 3.931 Thread 0x0000025296b01da0 Uncommon trap: reason=unstable_if action=reinterpret pc=0x00000252a5db1d00 method=org.springframework.util.ConcurrentReferenceHashMap$Segment.clear()V @ 7 c2
Event: 3.931 Thread 0x0000025296b01da0 DEOPT PACKING pc=0x00000252a5db1d00 sp=0x0000008cbc5fee50
Event: 3.931 Thread 0x0000025296b01da0 DEOPT UNPACKING pc=0x000002529e2ad72e sp=0x0000008cbc5fede0 mode 2
Event: 70.490 Thread 0x00000252b9804ec0 Uncommon trap: trap_request=0xffffff45 fr.pc=0x00000252a5e92f38 relative=0x00000000000004d8
Event: 70.490 Thread 0x00000252b9804ec0 Uncommon trap: reason=unstable_if action=reinterpret pc=0x00000252a5e92f38 method=jdk.internal.org.objectweb.asm.MethodWriter.visitVarInsn(II)V @ 230 c2
Event: 70.490 Thread 0x00000252b9804ec0 DEOPT PACKING pc=0x00000252a5e92f38 sp=0x0000008cbc2fb430
Event: 70.490 Thread 0x00000252b9804ec0 DEOPT UNPACKING pc=0x000002529e2ad72e sp=0x0000008cbc2fb3d8 mode 2
Event: 70.491 Thread 0x00000252b9804ec0 Uncommon trap: trap_request=0xffffff45 fr.pc=0x00000252a5dd5868 relative=0x0000000000000248
Event: 70.491 Thread 0x00000252b9804ec0 Uncommon trap: reason=unstable_if action=reinterpret pc=0x00000252a5dd5868 method=jdk.internal.org.objectweb.asm.Frame.push(I)V @ 26 c2
Event: 70.491 Thread 0x00000252b9804ec0 DEOPT PACKING pc=0x00000252a5dd5868 sp=0x0000008cbc2fb580
Event: 70.491 Thread 0x00000252b9804ec0 DEOPT UNPACKING pc=0x000002529e2ad72e sp=0x0000008cbc2fb528 mode 2

Classes unloaded (0 events):
No events

Classes redefined (0 events):
No events

Internal exceptions (20 events):
Event: 3.489 Thread 0x0000025296b01da0 Exception <a 'java/lang/ClassNotFoundException'{0x0000000081bfaff8}: org/springframework/web/servlet/config/annotation/DelegatingWebMvcConfigurationCustomizer> (0x0000000081bfaff8) 
thrown [t:\workspace\open\src\hotspot\share\classfile\systemDictionary.cpp, line 256]
Event: 3.490 Thread 0x0000025296b01da0 Exception <a 'java/lang/ClassNotFoundException'{0x0000000081a033b8}: org/springframework/boot/autoconfigure/web/servlet/WebMvcAutoConfiguration$EnableWebMvcConfigurationCustomizer> (0x0000000081a033b8) 
thrown [t:\workspace\open\src\hotspot\share\classfile\systemDictionary.cpp, line 256]
Event: 3.494 Thread 0x0000025296b01da0 Exception <a 'java/lang/ClassNotFoundException'{0x0000000081a164e0}: org/springframework/context/ResourceLoaderAwareCustomizer> (0x0000000081a164e0) 
thrown [t:\workspace\open\src\hotspot\share\classfile\systemDictionary.cpp, line 256]
Event: 3.494 Thread 0x0000025296b01da0 Exception <a 'java/lang/ClassNotFoundException'{0x0000000081a19ea8}: org/springframework/beans/factory/AwareCustomizer> (0x0000000081a19ea8) 
thrown [t:\workspace\open\src\hotspot\share\classfile\systemDictionary.cpp, line 256]
Event: 3.495 Thread 0x0000025296b01da0 Exception <a 'java/lang/ClassNotFoundException'{0x0000000081a1cbf0}: org/springframework/context/ApplicationContextAwareCustomizer> (0x0000000081a1cbf0) 
thrown [t:\workspace\open\src\hotspot\share\classfile\systemDictionary.cpp, line 256]
Event: 3.495 Thread 0x0000025296b01da0 Exception <a 'java/lang/ClassNotFoundException'{0x0000000081a21198}: org/springframework/beans/factory/AwareCustomizer> (0x0000000081a21198) 
thrown [t:\workspace\open\src\hotspot\share\classfile\systemDictionary.cpp, line 256]
Event: 3.495 Thread 0x0000025296b01da0 Exception <a 'java/lang/ClassNotFoundException'{0x0000000081a23eb8}: org/springframework/web/context/ServletContextAwareCustomizer> (0x0000000081a23eb8) 
thrown [t:\workspace\open\src\hotspot\share\classfile\systemDictionary.cpp, line 256]
Event: 3.495 Thread 0x0000025296b01da0 Exception <a 'java/lang/ClassNotFoundException'{0x0000000081a27cd8}: org/springframework/beans/factory/AwareCustomizer> (0x0000000081a27cd8) 
thrown [t:\workspace\open\src\hotspot\share\classfile\systemDictionary.cpp, line 256]
Event: 3.623 Thread 0x0000025296b01da0 Exception <a 'java/lang/NoSuchMethodError'{0x0000000085b3c2f0}: 'void java.lang.invoke.DirectMethodHandle$Holder.invokeVirtual(java.lang.Object, java.lang.Object, int)'> (0x0000000085b3c2f0) 
thrown [t:\workspace\open\src\hotspot\share\interpreter\linkResolver.cpp, line 790]
Event: 3.628 Thread 0x0000025296b01da0 Exception <a 'java/lang/NoSuchMethodError'{0x0000000085b57af8}: 'void java.lang.invoke.DirectMethodHandle$Holder.invokeVirtual(java.lang.Object, java.lang.Object, long)'> (0x0000000085b57af8) 
thrown [t:\workspace\open\src\hotspot\share\interpreter\linkResolver.cpp, line 790]
Event: 3.770 Thread 0x0000025296b01da0 Exception <a 'java/lang/IncompatibleClassChangeError'{0x0000000082729f48}: Found class java.lang.Object, but interface was expected> (0x0000000082729f48) 
thrown [t:\workspace\open\src\hotspot\share\interpreter\linkResolver.cpp, line 857]
Event: 3.807 Thread 0x0000025296b01da0 Exception <a 'java/lang/NoSuchMethodError'{0x000000008265cb48}: 'int java.lang.invoke.DirectMethodHandle$Holder.invokeStaticInit(java.lang.Object, java.lang.Object, java.lang.Object, java.lang.Object)'> (0x000000008265cb48) 
thrown [t:\workspace\open\src\hotspot\share\interpreter\linkResolver.cpp, line 790]
Event: 3.846 Thread 0x0000025296b01da0 Exception <a 'java/lang/NoSuchMethodError'{0x00000000825c1668}: 'java.lang.Object java.lang.invoke.DirectMethodHandle$Holder.newInvokeSpecial(java.lang.Object, java.lang.Object, int, java.lang.Object, java.lang.Object)'> (0x00000000825c1668) 
thrown [t:\workspace\open\src\hotspot\share\interpreter\linkResolver.cpp, line 790]
Event: 3.847 Thread 0x0000025296b01da0 Exception <a 'java/lang/NoSuchMethodError'{0x00000000825d3410}: 'java.lang.Object java.lang.invoke.DirectMethodHandle$Holder.invokeSpecial(java.lang.Object, java.lang.Object, int, java.lang.Object, int, java.lang.Object)'> (0x00000000825d3410) 
thrown [t:\workspace\open\src\hotspot\share\interpreter\linkResolver.cpp, line 790]
Event: 3.848 Thread 0x0000025296b01da0 Exception <a 'java/lang/NoSuchMethodError'{0x00000000825db7d0}: 'java.lang.Object java.lang.invoke.DirectMethodHandle$Holder.newInvokeSpecial(java.lang.Object, java.lang.Object, int, java.lang.Object, int)'> (0x00000000825db7d0) 
thrown [t:\workspace\open\src\hotspot\share\interpreter\linkResolver.cpp, line 790]
Event: 3.848 Thread 0x0000025296b01da0 Exception <a 'java/lang/NoSuchMethodError'{0x00000000825df9e0}: 'java.lang.Object java.lang.invoke.DirectMethodHandle$Holder.invokeSpecial(java.lang.Object, java.lang.Object, java.lang.Object, int, java.lang.Object, int)'> (0x00000000825df9e0) 
thrown [t:\workspace\open\src\hotspot\share\interpreter\linkResolver.cpp, line 790]
Event: 3.850 Thread 0x0000025296b01da0 Exception <a 'java/lang/NoSuchMethodError'{0x00000000825ea088}: 'void java.lang.invoke.DirectMethodHandle$Holder.invokeVirtual(java.lang.Object, java.lang.Object)'> (0x00000000825ea088) 
thrown [t:\workspace\open\src\hotspot\share\interpreter\linkResolver.cpp, line 790]
Event: 70.489 Thread 0x00000252b9804ec0 Exception <a 'java/lang/NoSuchMethodError'{0x00000000859d3890}: 'java.lang.Object java.lang.invoke.DirectMethodHandle$Holder.invokeSpecial(java.lang.Object, java.lang.Object, long, java.lang.Object, int, int, java.lang.Object, java.lang.Object, java.lang.Object)'> (0x00000000859d3890) 
thrown [t:\workspace\open\src\hotspot\share\interpreter\linkResolver.cpp, line 790]
Event: 70.489 Thread 0x00000252b9804ec0 Exception <a 'java/lang/NoSuchMethodError'{0x00000000859d82f8}: 'java.lang.Object java.lang.invoke.DelegatingMethodHandle$Holder.reinvoke_L(java.lang.Object, long, java.lang.Object, int, int, java.lang.Object, java.lang.Object, java.lang.Object)'> (0x00000000859d82f8) 
thrown [t:\workspace\open\src\hotspot\share\interpreter\linkResolver.cpp, line 790]
Event: 817.969 Thread 0x00000252b9805410 Exception <a 'at/wisch/joystick/exception/SDLErrorException'{0x00000000826913d8}: Haptic error Unable to create effect> (0x00000000826913d8) 
thrown [t:\workspace\open\src\hotspot\share\prims\jni.cpp, line 600]

Events (20 events):
Event: 560.775 Executing  VM operation: Cleanup
Event: 560.775 Executing  VM operation: Cleanup done
Event: 597.792 Executing  VM operation: Cleanup
Event: 597.792 Executing  VM operation: Cleanup done
Event: 601.795 Executing  VM operation: Cleanup
Event: 601.795 Executing  VM operation: Cleanup done
Event: 653.820 Executing  VM operation: Cleanup
Event: 653.820 Executing  VM operation: Cleanup done
Event: 807.899 Executing  VM operation: Cleanup
Event: 807.899 Executing  VM operation: Cleanup done
Event: 810.901 Executing  VM operation: Cleanup
Event: 810.901 Executing  VM operation: Cleanup done
Event: 813.903 Executing  VM operation: Cleanup
Event: 813.903 Executing  VM operation: Cleanup done
Event: 814.204 loading class java/util/concurrent/locks/ReentrantReadWriteLock$Sync$HoldCounter
Event: 814.208 loading class java/util/concurrent/locks/ReentrantReadWriteLock$Sync$HoldCounter done
Event: 814.903 Executing  VM operation: Cleanup
Event: 814.903 Executing  VM operation: Cleanup done
Event: 817.905 Executing  VM operation: Cleanup
Event: 817.905 Executing  VM operation: Cleanup done


Dynamic libraries:
0x00007ff742f10000 - 0x00007ff742f1e000 	C:\Users\Jay_\.jdks\openjdk-16.0.1\bin\java.exe
0x00007ff84a870000 - 0x00007ff84aa65000 	C:\WINDOWS\SYSTEM32\ntdll.dll
0x00007ff802680000 - 0x00007ff802696000 	D:\Programmes\AVAST\aswhook.dll
0x00007ff8490d0000 - 0x00007ff84918e000 	C:\WINDOWS\System32\KERNEL32.DLL
0x00007ff848180000 - 0x00007ff848448000 	C:\WINDOWS\System32\KERNELBASE.dll
0x00007ff8484b0000 - 0x00007ff8485b0000 	C:\WINDOWS\System32\ucrtbase.dll
0x00007ff840d20000 - 0x00007ff840d38000 	C:\Users\Jay_\.jdks\openjdk-16.0.1\bin\jli.dll
0x00007ff843290000 - 0x00007ff8432a9000 	C:\Users\Jay_\.jdks\openjdk-16.0.1\bin\VCRUNTIME140.dll
0x00007ff849250000 - 0x00007ff8493f1000 	C:\WINDOWS\System32\USER32.dll
0x00007ff848480000 - 0x00007ff8484a2000 	C:\WINDOWS\System32\win32u.dll
0x00007ff83bf30000 - 0x00007ff83c1ca000 	C:\WINDOWS\WinSxS\amd64_microsoft.windows.common-controls_6595b64144ccf1df_6.0.19041.1110_none_60b5254171f9507e\COMCTL32.dll
0x00007ff849220000 - 0x00007ff84924b000 	C:\WINDOWS\System32\GDI32.dll
0x00007ff8488b0000 - 0x00007ff84894e000 	C:\WINDOWS\System32\msvcrt.dll
0x00007ff847f80000 - 0x00007ff84808d000 	C:\WINDOWS\System32\gdi32full.dll
0x00007ff8480e0000 - 0x00007ff84817d000 	C:\WINDOWS\System32\msvcp_win.dll
0x00007ff84a6c0000 - 0x00007ff84a6f0000 	C:\WINDOWS\System32\IMM32.DLL
0x00007ff843280000 - 0x00007ff84328c000 	C:\Users\Jay_\.jdks\openjdk-16.0.1\bin\vcruntime140_1.dll
0x00007ff83a960000 - 0x00007ff83a9f1000 	C:\Users\Jay_\.jdks\openjdk-16.0.1\bin\msvcp140.dll
0x00007fffd5c90000 - 0x00007fffd683b000 	C:\Users\Jay_\.jdks\openjdk-16.0.1\bin\server\jvm.dll
0x00007ff84a060000 - 0x00007ff84a10c000 	C:\WINDOWS\System32\ADVAPI32.dll
0x00007ff848950000 - 0x00007ff8489eb000 	C:\WINDOWS\System32\sechost.dll
0x00007ff848fa0000 - 0x00007ff8490ca000 	C:\WINDOWS\System32\RPCRT4.dll
0x00007ff849610000 - 0x00007ff849618000 	C:\WINDOWS\System32\PSAPI.DLL
0x00007ff83cd90000 - 0x00007ff83cdb7000 	C:\WINDOWS\SYSTEM32\WINMM.dll
0x00007ff839420000 - 0x00007ff839429000 	C:\WINDOWS\SYSTEM32\WSOCK32.dll
0x00007ff846d90000 - 0x00007ff846d9a000 	C:\WINDOWS\SYSTEM32\VERSION.dll
0x00007ff849630000 - 0x00007ff84969b000 	C:\WINDOWS\System32\WS2_32.dll
0x00007ff846d50000 - 0x00007ff846d62000 	C:\WINDOWS\SYSTEM32\kernel.appcore.dll
0x00007ff840d10000 - 0x00007ff840d1a000 	C:\Users\Jay_\.jdks\openjdk-16.0.1\bin\jimage.dll
0x00007ff845430000 - 0x00007ff845614000 	C:\WINDOWS\SYSTEM32\DBGHELP.DLL
0x00007ff83d8b0000 - 0x00007ff83d8dc000 	C:\WINDOWS\SYSTEM32\dbgcore.DLL
0x00007ff848660000 - 0x00007ff8486e2000 	C:\WINDOWS\System32\bcryptPrimitives.dll
0x00007ff83a880000 - 0x00007ff83a88e000 	C:\Users\Jay_\.jdks\openjdk-16.0.1\bin\instrument.dll
0x00007ff83f940000 - 0x00007ff83f965000 	C:\Users\Jay_\.jdks\openjdk-16.0.1\bin\java.dll
0x00007ff849910000 - 0x00007ff84a054000 	C:\WINDOWS\System32\SHELL32.dll
0x00007ff8465b0000 - 0x00007ff846d44000 	C:\WINDOWS\SYSTEM32\windows.storage.dll
0x00007ff84a1e0000 - 0x00007ff84a535000 	C:\WINDOWS\System32\combase.dll
0x00007ff8479b0000 - 0x00007ff8479de000 	C:\WINDOWS\SYSTEM32\Wldp.dll
0x00007ff84a6f0000 - 0x00007ff84a79d000 	C:\WINDOWS\System32\SHCORE.dll
0x00007ff8498b0000 - 0x00007ff849905000 	C:\WINDOWS\System32\shlwapi.dll
0x00007ff847ec0000 - 0x00007ff847edf000 	C:\WINDOWS\SYSTEM32\profapi.dll
0x00007ff83a8b0000 - 0x00007ff83a8c8000 	C:\Users\Jay_\.jdks\openjdk-16.0.1\bin\zip.dll
0x00007ff83fa60000 - 0x00007ff83fa79000 	C:\Users\Jay_\.jdks\openjdk-16.0.1\bin\net.dll
0x00007ff840350000 - 0x00007ff84045c000 	C:\WINDOWS\SYSTEM32\WINHTTP.dll
0x00007ff8476d0000 - 0x00007ff84773a000 	C:\WINDOWS\system32\mswsock.dll
0x00007ff83a8d0000 - 0x00007ff83a8e3000 	C:\Users\Jay_\.jdks\openjdk-16.0.1\bin\nio.dll
0x00007ff83a860000 - 0x00007ff83a87a000 	C:\Program Files\JetBrains\IntelliJ IDEA Community Edition 2021.1.1\bin\breakgen64.dll
0x00007ff83a850000 - 0x00007ff83a85b000 	D:\Java\projects\ForceFeedback\ff\ffjoystick.dll
0x0000000052b60000 - 0x0000000052c32000 	C:\WINDOWS\SYSTEM32\MSVCR100.dll
0x00007ff83a780000 - 0x00007ff83a84e000 	D:\Java\projects\ForceFeedback\ff\SDL.dll
0x00007ff8489f0000 - 0x00007ff848b1a000 	C:\WINDOWS\System32\ole32.dll
0x00007ff84a110000 - 0x00007ff84a1dd000 	C:\WINDOWS\System32\OLEAUT32.dll
0x00007ff8451f0000 - 0x00007ff84528e000 	C:\WINDOWS\system32\uxtheme.dll
0x00007ff849700000 - 0x00007ff8497a9000 	C:\WINDOWS\System32\clbcatq.dll
0x00007ff83a750000 - 0x00007ff83a77f000 	C:\Windows\System32\dinput.dll
0x00007ff845d80000 - 0x00007ff845d8d000 	C:\WINDOWS\SYSTEM32\HID.DLL
0x00007ff833180000 - 0x00007ff8332d2000 	C:\WINDOWS\SYSTEM32\inputhost.dll
0x00007ff844360000 - 0x00007ff8444b4000 	C:\WINDOWS\SYSTEM32\wintypes.dll
0x00007ff844d90000 - 0x00007ff844e82000 	C:\WINDOWS\SYSTEM32\CoreMessaging.dll
0x00007ff842f90000 - 0x00007ff843086000 	C:\WINDOWS\SYSTEM32\PROPSYS.dll
0x00007ff844a30000 - 0x00007ff844d8e000 	C:\WINDOWS\SYSTEM32\CoreUIComponents.dll
0x00007ff8463c0000 - 0x00007ff8463f3000 	C:\WINDOWS\SYSTEM32\ntmarta.dll
0x00007ff848b20000 - 0x00007ff848f92000 	C:\WINDOWS\System32\SETUPAPI.DLL
0x00007ff848090000 - 0x00007ff8480de000 	C:\WINDOWS\System32\cfgmgr32.dll
0x00007ff848450000 - 0x00007ff848477000 	C:\WINDOWS\System32\bcrypt.dll
0x00007ff847d20000 - 0x00007ff847d54000 	C:\WINDOWS\SYSTEM32\DEVOBJ.dll
0x00007ff8486f0000 - 0x00007ff848750000 	C:\WINDOWS\System32\WINTRUST.dll
0x00007ff848750000 - 0x00007ff8488a6000 	C:\WINDOWS\System32\CRYPT32.dll
0x00007ff847b60000 - 0x00007ff847b72000 	C:\WINDOWS\SYSTEM32\MSASN1.dll
0x00007ff829060000 - 0x00007ff8290a5000 	C:\WINDOWS\SYSTEM32\DINPUT8.dll
0x00007ff826720000 - 0x00007ff826773000 	C:\WINDOWS\System32\LGJoyFrc.dll
0x00007ff840d00000 - 0x00007ff840d10000 	C:\Users\Jay_\.jdks\openjdk-16.0.1\bin\verify.dll
0x00007ff83dea0000 - 0x00007ff83dea9000 	C:\Users\Jay_\.jdks\openjdk-16.0.1\bin\management.dll
0x00007ff83a950000 - 0x00007ff83a95b000 	C:\Users\Jay_\.jdks\openjdk-16.0.1\bin\management_ext.dll
0x00007ff824280000 - 0x00007ff824297000 	C:\WINDOWS\system32\napinsp.dll
0x00007ff824260000 - 0x00007ff82427b000 	C:\WINDOWS\system32\pnrpnsp.dll
0x00007ff842be0000 - 0x00007ff842bf5000 	C:\WINDOWS\system32\wshbth.dll
0x00007ff8432b0000 - 0x00007ff8432cd000 	C:\WINDOWS\system32\NLAapi.dll
0x00007ff847390000 - 0x00007ff8473cb000 	C:\WINDOWS\SYSTEM32\IPHLPAPI.DLL
0x00007ff8473e0000 - 0x00007ff8474ab000 	C:\WINDOWS\SYSTEM32\DNSAPI.dll
0x00007ff849190000 - 0x00007ff849198000 	C:\WINDOWS\System32\NSI.dll
0x00007ff82dd70000 - 0x00007ff82dd82000 	C:\WINDOWS\System32\winrnr.dll
0x00007ff841130000 - 0x00007ff84113a000 	C:\Windows\System32\rasadhlp.dll
0x00007ff83ea70000 - 0x00007ff83eaef000 	C:\WINDOWS\System32\fwpuclnt.dll
0x00007ff847880000 - 0x00007ff847898000 	C:\WINDOWS\SYSTEM32\CRYPTSP.dll
0x00007ff847000000 - 0x00007ff847034000 	C:\WINDOWS\system32\rsaenh.dll
0x00007ff847e80000 - 0x00007ff847eae000 	C:\WINDOWS\SYSTEM32\USERENV.dll
0x00007ff847870000 - 0x00007ff84787c000 	C:\WINDOWS\SYSTEM32\CRYPTBASE.dll
0x00007ff8411d0000 - 0x00007ff8411e7000 	C:\WINDOWS\SYSTEM32\dhcpcsvc6.DLL
0x00007ff841140000 - 0x00007ff84115d000 	C:\WINDOWS\SYSTEM32\dhcpcsvc.DLL
0x00007ff83a8a0000 - 0x00007ff83a8ae000 	C:\Users\Jay_\.jdks\openjdk-16.0.1\bin\sunmscapi.dll
0x00007ff847a40000 - 0x00007ff847a67000 	C:\WINDOWS\SYSTEM32\ncrypt.dll
0x00007ff847a00000 - 0x00007ff847a3b000 	C:\WINDOWS\SYSTEM32\NTASN1.dll
0x00007ff83a890000 - 0x00007ff83a897000 	C:\WINDOWS\system32\wshunix.dll

dbghelp: loaded successfully - version: 4.0.5 - missing functions: none
symbol engine: initialized successfully - sym options: 0x614 - pdb path: .;C:\Users\Jay_\.jdks\openjdk-16.0.1\bin;C:\WINDOWS\SYSTEM32;D:\Programmes\AVAST;C:\WINDOWS\WinSxS\amd64_microsoft.windows.common-controls_6595b64144ccf1df_6.0.19041.1110_none_60b5254171f9507e;C:\Users\Jay_\.jdks\openjdk-16.0.1\bin\server;C:\Program Files\JetBrains\IntelliJ IDEA Community Edition 2021.1.1\bin;D:\Java\projects\ForceFeedback\ff

VM Arguments:
jvm_args: -javaagent:C:\Program Files\JetBrains\IntelliJ IDEA Community Edition 2021.1.1\lib\idea_rt.jar=62035:C:\Program Files\JetBrains\IntelliJ IDEA Community Edition 2021.1.1\bin -Dfile.encoding=UTF-8 
java_command: com.peacefulotter.ffserver.FFServer
java_class_path (initial): D:\Java\projects\ForceFeedbackController\server\target\classes;D:\Java\libs\ffjoystick4java\bin\ffjoystick.jar;C:\Users\Jay_\.m2\repository\org\springframework\boot\spring-boot-starter-web\2.6.2\spring-boot-starter-web-2.6.2.jar;C:\Users\Jay_\.m2\repository\org\springframework\boot\spring-boot-starter\2.6.2\spring-boot-starter-2.6.2.jar;C:\Users\Jay_\.m2\repository\org\springframework\boot\spring-boot\2.6.2\spring-boot-2.6.2.jar;C:\Users\Jay_\.m2\repository\org\springframework\boot\spring-boot-autoconfigure\2.6.2\spring-boot-autoconfigure-2.6.2.jar;C:\Users\Jay_\.m2\repository\org\springframework\boot\spring-boot-starter-logging\2.6.2\spring-boot-starter-logging-2.6.2.jar;C:\Users\Jay_\.m2\repository\ch\qos\logback\logback-classic\1.2.9\logback-classic-1.2.9.jar;C:\Users\Jay_\.m2\repository\ch\qos\logback\logback-core\1.2.9\logback-core-1.2.9.jar;C:\Users\Jay_\.m2\repository\org\apache\logging\log4j\log4j-to-slf4j\2.17.0\log4j-to-slf4j-2.17.0.jar;C:\Users\Jay_\.m2\repository\org\apache\logging\log4j\log4j-api\2.17.0\log4j-api-2.17.0.jar;C:\Users\Jay_\.m2\repository\org\slf4j\jul-to-slf4j\1.7.32\jul-to-slf4j-1.7.32.jar;C:\Users\Jay_\.m2\repository\jakarta\annotation\jakarta.annotation-api\1.3.5\jakarta.annotation-api-1.3.5.jar;C:\Users\Jay_\.m2\repository\org\yaml\snakeyaml\1.29\snakeyaml-1.29.jar;C:\Users\Jay_\.m2\repository\org\springframework\boot\spring-boot-starter-json\2.6.2\spring-boot-starter-json-2.6.2.jar;C:\Users\Jay_\.m2\repository\com\fasterxml\jackson\core\jackson-databind\2.13.1\jackson-databind-2.13.1.jar;C:\Users\Jay_\.m2\repository\com\fasterxml\jackson\core\jackson-annotations\2.13.1\jackson-annotations-2.13.1.jar;C:\Users\Jay_\.m2\repository\com\fasterxml\jackson\core\jackson-core\2.13.1\jackson-core-2.13.1.jar;C:\Users\Jay_\.m2\repository\com\fasterxml\jackson\datatype\jackson-datatype-jdk8\2.13.1\jackson-datatype-jdk8-2.13.1.jar;C:\Users\Jay_\.m2\repository\com\fasterxml\jackson\datatype\jackson-datatype-jsr310\2.13.
Launcher Type: SUN_STANDARD

[Global flags]
     intx CICompilerCount                          = 4                                         {product} {ergonomic}
     uint ConcGCThreads                            = 2                                         {product} {ergonomic}
     uint G1ConcRefinementThreads                  = 8                                         {product} {ergonomic}
   size_t G1HeapRegionSize                         = 1048576                                   {product} {ergonomic}
    uintx GCDrainStackTargetSize                   = 64                                        {product} {ergonomic}
   size_t InitialHeapSize                          = 134217728                                 {product} {ergonomic}
   size_t MarkStackSize                            = 4194304                                   {product} {ergonomic}
   size_t MaxHeapSize                              = 2136997888                                {product} {ergonomic}
   size_t MaxNewSize                               = 1281359872                                {product} {ergonomic}
   size_t MinHeapDeltaBytes                        = 1048576                                   {product} {ergonomic}
   size_t MinHeapSize                              = 8388608                                   {product} {ergonomic}
    uintx NonNMethodCodeHeapSize                   = 5839372                                {pd product} {ergonomic}
    uintx NonProfiledCodeHeapSize                  = 122909434                              {pd product} {ergonomic}
    uintx ProfiledCodeHeapSize                     = 122909434                              {pd product} {ergonomic}
    uintx ReservedCodeCacheSize                    = 251658240                              {pd product} {ergonomic}
     bool SegmentedCodeCache                       = true                                      {product} {ergonomic}
   size_t SoftMaxHeapSize                          = 2136997888                             {manageable} {ergonomic}
     bool UseCompressedClassPointers               = true                           {product lp64_product} {ergonomic}
     bool UseCompressedOops                        = true                           {product lp64_product} {ergonomic}
     bool UseG1GC                                  = true                                      {product} {ergonomic}
     bool UseLargePagesIndividualAllocation        = false                                  {pd product} {ergonomic}

Logging:
Log output configuration:
 #0: stdout all=warning uptime,level,tags
 #1: stderr all=off uptime,level,tags

Environment Variables:
JAVA_HOME=C:\Program Files\Java\jdk-11.0.6
PATH=C:\Python310\Scripts\;C:\Python310\;C:\Program Files (x86)\Razer Chroma SDK\bin;C:\Program Files\Razer Chroma SDK\bin;C:\Program Files (x86)\Razer\ChromaBroadcast\bin;C:\Program Files\Razer\ChromaBroadcast\bin;C:\Perl64\bin;C:\Users\Jay_\AppData\Roaming\ActiveState\bin;C:\Program Files (x86)\Common Files\Oracle\Java\javapath;C:\Windows\system32;C:\Windows;C:\Windows\System32\Wbem;C:\Windows\System32\WindowsPowerShell\v1.0\;C:\Windows\System32\OpenSSH\;D:\Programmes\PuTTY\;C:\Program Files\Git\cmd;C:\Program Files\Git\;C:\Program Files\Java\jdk-11.0.6\bin;D:\Programmes\MinGW\bin;C:\WINDOWS\system32;C:\WINDOWS;C:\WINDOWS\System32\Wbem;C:\WINDOWS\System32\WindowsPowerShell\v1.0\;C:\WINDOWS\System32\OpenSSH\;C:\Program Files (x86)\NVIDIA Corporation\PhysX\Common;C:\Program Files (x86)\Yarn\bin\;C:\TDM-GCC-64\bin;C:\Program Files\dotnet\;C:\Program Files (x86)\sbt\bin;C:\Program Files\NVIDIA Corporation\NVIDIA NvDLISR;C:\ProgramData\chocolatey\bin;C:\Program Files\Cppcheck;;C:\WINDOWS\system32;C:\WINDOWS;C:\WINDOWS\System32\Wbem;C:\WINDOWS\System32\WindowsPowerShell\v1.0\;C:\WINDOWS\System32\OpenSSH\;C:\WINDOWS\system32\config\systemprofile\AppData\Local\Microsoft\WindowsApps;D:\Programmes\nodejs\;C:\Users\Jay_\AppData\Local\activestate\StateTool\release;C:\Users\Jay_\AppData\Local\activestate\StateTool\release;C:\Users\Jay_\AppData\Local\activestate\StateTool\release;C:\Users\Jay_\AppData\Local\activestate\StateTool\release;C:\Users\Jay_\AppData\Local\activestate\StateTool\release;C:\Users\Jay_\AppData\Local\activestate\StateTool\release;C:\Users\Jay_\AppData\Local\activestate\StateTool\release;C:\Users\Jay_\AppData\Local\activestate\StateTool\release;C:\Users\Jay_\AppData\Local\activestate\StateTool\release;C:\Users\Jay_\AppData\Local\activestate\StateTool\release;C:\Users\Jay_\AppData\Local\activestate\StateTool\release;C:\Users\Jay_\AppData\Local\activestate\cache\bin;C:\Users\Jay_\AppData\Local\ActiveState\StateTool\release;C:\Users\Jay_\AppData\Local\activestate\
USERNAME=Jay_
OS=Windows_NT
PROCESSOR_IDENTIFIER=Intel64 Family 6 Model 158 Stepping 9, GenuineIntel



---------------  S Y S T E M  ---------------

OS:
 Windows 10 , 64 bit Build 19041 (10.0.19041.1348)
OS uptime: 0 days 1:15 hours
Hyper-V role detected

CPU: total 8 (initial active 8) (4 cores per cpu, 2 threads per core) family 6 model 158 stepping 9 microcode 0xb4, cx8, cmov, fxsr, ht, mmx, 3dnowpref, sse, sse2, sse3, ssse3, sse4.1, sse4.2, popcnt, lzcnt, tsc, tscinvbit, avx, avx2, aes, erms, clmul, bmi1, bmi2, adx, fma, vzeroupper, clflush, clflushopt, hv

Memory: 4k page, system-wide physical 8149M (582M free)
TotalPageFile size 17877M (AvailPageFile size 5436M)
current process WorkingSet (physical memory assigned to process): 131M, peak: 172M
current process commit charge ("private bytes"): 170M, peak: 287M

vm_info: OpenJDK 64-Bit Server VM (16.0.1+9-24) for windows-amd64 JRE (16.0.1+9-24), built on Mar 26 2021 19:30:07 by "mach5one" with MS VC++ 16.7 (VS2019)

END.
